Seq	Host	Starttime	JobRuntime	Send	Receive	Exitval	Signal	Command
4	:	1742939344.388	    28.925	0	106	0	0	(time (/home/lexic/.conda/envs/samtools/bin/samtools sort -@ 7 -o 10w_7-4-1_sorted.bam ../4-sambam/10w_7-4-1.bam)) 2>&1 | tee 10w_7-4-1.log
8	:	1742939344.397	    30.080	0	107	0	0	(time (/home/lexic/.conda/envs/samtools/bin/samtools sort -@ 7 -o 23d_6_4_2_sorted.bam ../4-sambam/23d_6_4_2.bam)) 2>&1 | tee 23d_6_4_2.log
1	:	1742939344.380	    31.308	0	107	0	0	(time (/home/lexic/.conda/envs/samtools/bin/samtools sort -@ 7 -o 10w_6-4-1_sorted.bam ../4-sambam/10w_6-4-1.bam)) 2>&1 | tee 10w_6-4-1.log
2	:	1742939344.384	    38.996	0	107	0	0	(time (/home/lexic/.conda/envs/samtools/bin/samtools sort -@ 7 -o 10w_6-4-2_sorted.bam ../4-sambam/10w_6-4-2.bam)) 2>&1 | tee 10w_6-4-2.log
5	:	1742939344.391	    39.269	0	107	0	0	(time (/home/lexic/.conda/envs/samtools/bin/samtools sort -@ 7 -o 10w_7-4-2_sorted.bam ../4-sambam/10w_7-4-2.bam)) 2>&1 | tee 10w_7-4-2.log
6	:	1742939344.393	    40.444	0	107	0	0	(time (/home/lexic/.conda/envs/samtools/bin/samtools sort -@ 7 -o 10w_7-4-3_sorted.bam ../4-sambam/10w_7-4-3.bam)) 2>&1 | tee 10w_7-4-3.log
7	:	1742939344.395	    45.798	0	107	0	0	(time (/home/lexic/.conda/envs/samtools/bin/samtools sort -@ 7 -o 23d_6_4_1_sorted.bam ../4-sambam/23d_6_4_1.bam)) 2>&1 | tee 23d_6_4_1.log
10	:	1742939374.482	    38.271	0	106	0	0	(time (/home/lexic/.conda/envs/samtools/bin/samtools sort -@ 7 -o 23d_7_4_1_sorted.bam ../4-sambam/23d_7_4_1.bam)) 2>&1 | tee 23d_7_4_1.log
9	:	1742939373.318	    39.549	0	106	0	0	(time (/home/lexic/.conda/envs/samtools/bin/samtools sort -@ 7 -o 23d_6_4_3_sorted.bam ../4-sambam/23d_6_4_3.bam)) 2>&1 | tee 23d_6_4_3.log
11	:	1742939375.693	    40.838	0	107	0	0	(time (/home/lexic/.conda/envs/samtools/bin/samtools sort -@ 7 -o 23d_7_4_2_sorted.bam ../4-sambam/23d_7_4_2.bam)) 2>&1 | tee 23d_7_4_2.log
12	:	1742939383.384	    41.470	0	107	0	0	(time (/home/lexic/.conda/envs/samtools/bin/samtools sort -@ 7 -o 23d_7_4_3_sorted.bam ../4-sambam/23d_7_4_3.bam)) 2>&1 | tee 23d_7_4_3.log
13	:	1742939383.663	    45.228	0	106	0	0	(time (/home/lexic/.conda/envs/samtools/bin/samtools sort -@ 7 -o 24h_A_sorted.bam ../4-sambam/24h_A.bam)) 2>&1 | tee 24h_A.log
3	:	1742939344.386	    85.565	0	108	0	0	(time (/home/lexic/.conda/envs/samtools/bin/samtools sort -@ 7 -o 10w_6-4-3_sorted.bam ../4-sambam/10w_6-4-3.bam)) 2>&1 | tee 10w_6-4-3.log
17	:	1742939412.871	    31.756	0	106	0	0	(time (/home/lexic/.conda/envs/samtools/bin/samtools sort -@ 7 -o 24h_J_sorted.bam ../4-sambam/24h_J.bam)) 2>&1 | tee 24h_J.log
14	:	1742939384.841	    61.849	0	107	0	0	(time (/home/lexic/.conda/envs/samtools/bin/samtools sort -@ 7 -o 24h_C_sorted.bam ../4-sambam/24h_C.bam)) 2>&1 | tee 24h_C.log
21	:	1742939429.954	    22.308	0	107	0	0	(time (/home/lexic/.conda/envs/samtools/bin/samtools sort -@ 7 -o FaDu_A_sorted.bam ../4-sambam/FaDu_A.bam)) 2>&1 | tee FaDu_A.log
15	:	1742939390.196	    65.429	0	106	0	0	(time (/home/lexic/.conda/envs/samtools/bin/samtools sort -@ 7 -o 24h_G_sorted.bam ../4-sambam/24h_G.bam)) 2>&1 | tee 24h_G.log
22	:	1742939444.632	    22.535	0	106	0	0	(time (/home/lexic/.conda/envs/samtools/bin/samtools sort -@ 7 -o FaDu_B_sorted.bam ../4-sambam/FaDu_B.bam)) 2>&1 | tee FaDu_B.log
23	:	1742939446.695	    21.741	0	107	0	0	(time (/home/lexic/.conda/envs/samtools/bin/samtools sort -@ 7 -o FaDu_C_sorted.bam ../4-sambam/FaDu_C.bam)) 2>&1 | tee FaDu_C.log
24	:	1742939452.265	    22.625	0	106	0	0	(time (/home/lexic/.conda/envs/samtools/bin/samtools sort -@ 7 -o FaDu_D_sorted.bam ../4-sambam/FaDu_D.bam)) 2>&1 | tee FaDu_D.log
25	:	1742939455.630	    21.740	0	107	0	0	(time (/home/lexic/.conda/envs/samtools/bin/samtools sort -@ 7 -o FaDu_E_sorted.bam ../4-sambam/FaDu_E.bam)) 2>&1 | tee FaDu_E.log
20	:	1742939428.896	    48.664	0	107	0	0	(time (/home/lexic/.conda/envs/samtools/bin/samtools sort -@ 7 -o 24h_O_sorted.bam ../4-sambam/24h_O.bam)) 2>&1 | tee 24h_O.log
16	:	1742939412.757	    68.861	0	107	0	0	(time (/home/lexic/.conda/envs/samtools/bin/samtools sort -@ 7 -o 24h_I_sorted.bam ../4-sambam/24h_I.bam)) 2>&1 | tee 24h_I.log
18	:	1742939416.536	    67.161	0	107	0	0	(time (/home/lexic/.conda/envs/samtools/bin/samtools sort -@ 7 -o 24h_L_sorted.bam ../4-sambam/24h_L.bam)) 2>&1 | tee 24h_L.log
26	:	1742939467.171	    22.874	0	106	0	0	(time (/home/lexic/.conda/envs/samtools/bin/samtools sort -@ 7 -o FaDu_F_sorted.bam ../4-sambam/FaDu_F.bam)) 2>&1 | tee FaDu_F.log
19	:	1742939424.858	    68.246	0	107	0	0	(time (/home/lexic/.conda/envs/samtools/bin/samtools sort -@ 7 -o 24h_M_sorted.bam ../4-sambam/24h_M.bam)) 2>&1 | tee 24h_M.log
27	:	1742939468.440	    25.404	0	107	0	0	(time (/home/lexic/.conda/envs/samtools/bin/samtools sort -@ 7 -o HCT-116_A_sorted.bam ../4-sambam/HCT-116_A.bam)) 2>&1 | tee HCT-116_A.log
28	:	1742939474.895	    23.578	0	106	0	0	(time (/home/lexic/.conda/envs/samtools/bin/samtools sort -@ 7 -o HCT-116_B_sorted.bam ../4-sambam/HCT-116_B.bam)) 2>&1 | tee HCT-116_B.log
30	:	1742939477.566	    21.105	0	107	0	0	(time (/home/lexic/.conda/envs/samtools/bin/samtools sort -@ 7 -o HCT-116_D_sorted.bam ../4-sambam/HCT-116_D.bam)) 2>&1 | tee HCT-116_D.log
29	:	1742939477.375	    21.615	0	107	0	0	(time (/home/lexic/.conda/envs/samtools/bin/samtools sort -@ 7 -o HCT-116_C_sorted.bam ../4-sambam/HCT-116_C.bam)) 2>&1 | tee HCT-116_C.log
31	:	1742939481.621	    18.533	0	107	0	0	(time (/home/lexic/.conda/envs/samtools/bin/samtools sort -@ 7 -o HCT-116_E_sorted.bam ../4-sambam/HCT-116_E.bam)) 2>&1 | tee HCT-116_E.log
32	:	1742939483.702	    21.430	0	107	0	0	(time (/home/lexic/.conda/envs/samtools/bin/samtools sort -@ 7 -o HCT-116_F_sorted.bam ../4-sambam/HCT-116_F.bam)) 2>&1 | tee HCT-116_F.log
33	:	1742939490.048	    22.327	0	107	0	0	(time (/home/lexic/.conda/envs/samtools/bin/samtools sort -@ 7 -o SiHa_A_sorted.bam ../4-sambam/SiHa_A.bam)) 2>&1 | tee SiHa_A.log
34	:	1742939493.109	    20.013	0	107	0	0	(time (/home/lexic/.conda/envs/samtools/bin/samtools sort -@ 7 -o SiHa_B_sorted.bam ../4-sambam/SiHa_B.bam)) 2>&1 | tee SiHa_B.log
35	:	1742939493.847	    23.207	0	106	0	0	(time (/home/lexic/.conda/envs/samtools/bin/samtools sort -@ 7 -o SiHa_C_sorted.bam ../4-sambam/SiHa_C.bam)) 2>&1 | tee SiHa_C.log
36	:	1742939498.476	    20.003	0	107	0	0	(time (/home/lexic/.conda/envs/samtools/bin/samtools sort -@ 7 -o SiHa_D_sorted.bam ../4-sambam/SiHa_D.bam)) 2>&1 | tee SiHa_D.log
38	:	1742939498.993	    20.088	0	107	0	0	(time (/home/lexic/.conda/envs/samtools/bin/samtools sort -@ 7 -o SiHa_F_sorted.bam ../4-sambam/SiHa_F.bam)) 2>&1 | tee SiHa_F.log
37	:	1742939498.674	    21.210	0	107	0	0	(time (/home/lexic/.conda/envs/samtools/bin/samtools sort -@ 7 -o SiHa_E_sorted.bam ../4-sambam/SiHa_E.bam)) 2>&1 | tee SiHa_E.log
42	:	1742939513.125	    58.561	0	108	0	0	(time (/home/lexic/.conda/envs/samtools/bin/samtools sort -@ 7 -o SUM_N1_sorted.bam ../4-sambam/SUM_N1.bam)) 2>&1 | tee SUM_N1.log
41	:	1742939512.379	    64.000	0	107	0	0	(time (/home/lexic/.conda/envs/samtools/bin/samtools sort -@ 7 -o SUM_A3_sorted.bam ../4-sambam/SUM_A3.bam)) 2>&1 | tee SUM_A3.log
40	:	1742939505.135	    76.201	0	107	0	0	(time (/home/lexic/.conda/envs/samtools/bin/samtools sort -@ 7 -o SUM_A2_sorted.bam ../4-sambam/SUM_A2.bam)) 2>&1 | tee SUM_A2.log
43	:	1742939517.057	    69.341	0	107	0	0	(time (/home/lexic/.conda/envs/samtools/bin/samtools sort -@ 7 -o SUM_N2_sorted.bam ../4-sambam/SUM_N2.bam)) 2>&1 | tee SUM_N2.log
39	:	1742939500.160	   112.277	0	109	0	0	(time (/home/lexic/.conda/envs/samtools/bin/samtools sort -@ 7 -o SUM_A1_sorted.bam ../4-sambam/SUM_A1.bam)) 2>&1 | tee SUM_A1.log
44	:	1742939518.483	   118.010	0	108	0	0	(time (/home/lexic/.conda/envs/samtools/bin/samtools sort -@ 7 -o SUM_N3_sorted.bam ../4-sambam/SUM_N3.bam)) 2>&1 | tee SUM_N3.log
