Seq	Host	Starttime	JobRuntime	Send	Receive	Exitval	Signal	Command
31	:	1742938829.952	    77.199	0	44	0	0	(time (/home/lexic/.conda/envs/samtools/bin/samtools view -S -b ../3-align/HCT-116_E*.sam > HCT-116_E.bam)) 2>&1 | tee HCT-116_E.log
38	:	1742938829.973	    78.514	0	44	0	0	(time (/home/lexic/.conda/envs/samtools/bin/samtools view -S -b ../3-align/SiHa_F*.sam > SiHa_F.bam)) 2>&1 | tee SiHa_F.log
34	:	1742938829.960	    79.789	0	44	0	0	(time (/home/lexic/.conda/envs/samtools/bin/samtools view -S -b ../3-align/SiHa_B*.sam > SiHa_B.bam)) 2>&1 | tee SiHa_B.log
36	:	1742938829.966	    80.398	0	44	0	0	(time (/home/lexic/.conda/envs/samtools/bin/samtools view -S -b ../3-align/SiHa_D*.sam > SiHa_D.bam)) 2>&1 | tee SiHa_D.log
23	:	1742938829.935	    81.564	0	44	0	0	(time (/home/lexic/.conda/envs/samtools/bin/samtools view -S -b ../3-align/FaDu_C*.sam > FaDu_C.bam)) 2>&1 | tee FaDu_C.log
29	:	1742938829.948	    82.526	0	44	0	0	(time (/home/lexic/.conda/envs/samtools/bin/samtools view -S -b ../3-align/HCT-116_C*.sam > HCT-116_C.bam)) 2>&1 | tee HCT-116_C.log
30	:	1742938829.950	    82.585	0	44	0	0	(time (/home/lexic/.conda/envs/samtools/bin/samtools view -S -b ../3-align/HCT-116_D*.sam > HCT-116_D.bam)) 2>&1 | tee HCT-116_D.log
21	:	1742938829.930	    84.595	0	44	0	0	(time (/home/lexic/.conda/envs/samtools/bin/samtools view -S -b ../3-align/FaDu_A*.sam > FaDu_A.bam)) 2>&1 | tee FaDu_A.log
37	:	1742938829.969	    85.605	0	44	0	0	(time (/home/lexic/.conda/envs/samtools/bin/samtools view -S -b ../3-align/SiHa_E*.sam > SiHa_E.bam)) 2>&1 | tee SiHa_E.log
25	:	1742938829.939	    86.547	0	44	0	0	(time (/home/lexic/.conda/envs/samtools/bin/samtools view -S -b ../3-align/FaDu_E*.sam > FaDu_E.bam)) 2>&1 | tee FaDu_E.log
33	:	1742938829.958	    87.569	0	44	0	0	(time (/home/lexic/.conda/envs/samtools/bin/samtools view -S -b ../3-align/SiHa_A*.sam > SiHa_A.bam)) 2>&1 | tee SiHa_A.log
22	:	1742938829.933	    88.794	0	44	0	0	(time (/home/lexic/.conda/envs/samtools/bin/samtools view -S -b ../3-align/FaDu_B*.sam > FaDu_B.bam)) 2>&1 | tee FaDu_B.log
32	:	1742938829.955	    89.134	0	44	0	0	(time (/home/lexic/.conda/envs/samtools/bin/samtools view -S -b ../3-align/HCT-116_F*.sam > HCT-116_F.bam)) 2>&1 | tee HCT-116_F.log
28	:	1742938829.946	    89.346	0	44	0	0	(time (/home/lexic/.conda/envs/samtools/bin/samtools view -S -b ../3-align/HCT-116_B*.sam > HCT-116_B.bam)) 2>&1 | tee HCT-116_B.log
24	:	1742938829.937	    89.833	0	44	0	0	(time (/home/lexic/.conda/envs/samtools/bin/samtools view -S -b ../3-align/FaDu_D*.sam > FaDu_D.bam)) 2>&1 | tee FaDu_D.log
26	:	1742938829.941	    90.776	0	44	0	0	(time (/home/lexic/.conda/envs/samtools/bin/samtools view -S -b ../3-align/FaDu_F*.sam > FaDu_F.bam)) 2>&1 | tee FaDu_F.log
35	:	1742938829.963	    93.626	0	44	0	0	(time (/home/lexic/.conda/envs/samtools/bin/samtools view -S -b ../3-align/SiHa_C*.sam > SiHa_C.bam)) 2>&1 | tee SiHa_C.log
27	:	1742938829.944	    97.115	0	44	0	0	(time (/home/lexic/.conda/envs/samtools/bin/samtools view -S -b ../3-align/HCT-116_A*.sam > HCT-116_A.bam)) 2>&1 | tee HCT-116_A.log
4	:	1742938829.891	   102.637	0	44	0	0	(time (/home/lexic/.conda/envs/samtools/bin/samtools view -S -b ../3-align/10w_7-4-1*.sam > 10w_7-4-1.bam)) 2>&1 | tee 10w_7-4-1.log
8	:	1742938829.900	   108.445	0	44	0	0	(time (/home/lexic/.conda/envs/samtools/bin/samtools view -S -b ../3-align/23d_6_4_2*.sam > 23d_6_4_2.bam)) 2>&1 | tee 23d_6_4_2.log
1	:	1742938829.882	   116.118	0	44	0	0	(time (/home/lexic/.conda/envs/samtools/bin/samtools view -S -b ../3-align/10w_6-4-1*.sam > 10w_6-4-1.bam)) 2>&1 | tee 10w_6-4-1.log
2	:	1742938829.886	   117.344	0	44	0	0	(time (/home/lexic/.conda/envs/samtools/bin/samtools view -S -b ../3-align/10w_6-4-2*.sam > 10w_6-4-2.bam)) 2>&1 | tee 10w_6-4-2.log
5	:	1742938829.894	   118.432	0	44	0	0	(time (/home/lexic/.conda/envs/samtools/bin/samtools view -S -b ../3-align/10w_7-4-2*.sam > 10w_7-4-2.bam)) 2>&1 | tee 10w_7-4-2.log
6	:	1742938829.896	   122.532	0	43	0	0	(time (/home/lexic/.conda/envs/samtools/bin/samtools view -S -b ../3-align/10w_7-4-3*.sam > 10w_7-4-3.bam)) 2>&1 | tee 10w_7-4-3.log
17	:	1742938829.920	   127.033	0	43	0	0	(time (/home/lexic/.conda/envs/samtools/bin/samtools view -S -b ../3-align/24h_J*.sam > 24h_J.bam)) 2>&1 | tee 24h_J.log
10	:	1742938829.905	   137.233	0	44	0	0	(time (/home/lexic/.conda/envs/samtools/bin/samtools view -S -b ../3-align/23d_7_4_1*.sam > 23d_7_4_1.bam)) 2>&1 | tee 23d_7_4_1.log
9	:	1742938829.903	   141.255	0	44	0	0	(time (/home/lexic/.conda/envs/samtools/bin/samtools view -S -b ../3-align/23d_6_4_3*.sam > 23d_6_4_3.bam)) 2>&1 | tee 23d_6_4_3.log
11	:	1742938829.907	   145.803	0	45	0	0	(time (/home/lexic/.conda/envs/samtools/bin/samtools view -S -b ../3-align/23d_7_4_2*.sam > 23d_7_4_2.bam)) 2>&1 | tee 23d_7_4_2.log
7	:	1742938829.898	   152.358	0	45	0	0	(time (/home/lexic/.conda/envs/samtools/bin/samtools view -S -b ../3-align/23d_6_4_1*.sam > 23d_6_4_1.bam)) 2>&1 | tee 23d_6_4_1.log
12	:	1742938829.909	   157.374	0	45	0	0	(time (/home/lexic/.conda/envs/samtools/bin/samtools view -S -b ../3-align/23d_7_4_3*.sam > 23d_7_4_3.bam)) 2>&1 | tee 23d_7_4_3.log
20	:	1742938829.928	   169.837	0	45	0	0	(time (/home/lexic/.conda/envs/samtools/bin/samtools view -S -b ../3-align/24h_O*.sam > 24h_O.bam)) 2>&1 | tee 24h_O.log
13	:	1742938829.912	   170.436	0	45	0	0	(time (/home/lexic/.conda/envs/samtools/bin/samtools view -S -b ../3-align/24h_A*.sam > 24h_A.bam)) 2>&1 | tee 24h_A.log
14	:	1742938829.914	   206.325	0	45	0	0	(time (/home/lexic/.conda/envs/samtools/bin/samtools view -S -b ../3-align/24h_C*.sam > 24h_C.bam)) 2>&1 | tee 24h_C.log
18	:	1742938829.923	   226.138	0	45	0	0	(time (/home/lexic/.conda/envs/samtools/bin/samtools view -S -b ../3-align/24h_L*.sam > 24h_L.bam)) 2>&1 | tee 24h_L.log
15	:	1742938829.916	   233.656	0	45	0	0	(time (/home/lexic/.conda/envs/samtools/bin/samtools view -S -b ../3-align/24h_G*.sam > 24h_G.bam)) 2>&1 | tee 24h_G.log
19	:	1742938829.925	   235.263	0	45	0	0	(time (/home/lexic/.conda/envs/samtools/bin/samtools view -S -b ../3-align/24h_M*.sam > 24h_M.bam)) 2>&1 | tee 24h_M.log
42	:	1742938829.985	   235.778	0	45	0	0	(time (/home/lexic/.conda/envs/samtools/bin/samtools view -S -b ../3-align/SUM_N1*.sam > SUM_N1.bam)) 2>&1 | tee SUM_N1.log
16	:	1742938829.918	   245.867	0	44	0	0	(time (/home/lexic/.conda/envs/samtools/bin/samtools view -S -b ../3-align/24h_I*.sam > 24h_I.bam)) 2>&1 | tee 24h_I.log
41	:	1742938829.982	   255.690	0	45	0	0	(time (/home/lexic/.conda/envs/samtools/bin/samtools view -S -b ../3-align/SUM_A3*.sam > SUM_A3.bam)) 2>&1 | tee SUM_A3.log
3	:	1742938829.889	   258.860	0	45	0	0	(time (/home/lexic/.conda/envs/samtools/bin/samtools view -S -b ../3-align/10w_6-4-3*.sam > 10w_6-4-3.bam)) 2>&1 | tee 10w_6-4-3.log
43	:	1742938829.989	   289.005	0	45	0	0	(time (/home/lexic/.conda/envs/samtools/bin/samtools view -S -b ../3-align/SUM_N2*.sam > SUM_N2.bam)) 2>&1 | tee SUM_N2.log
40	:	1742938829.979	   312.125	0	45	0	0	(time (/home/lexic/.conda/envs/samtools/bin/samtools view -S -b ../3-align/SUM_A2*.sam > SUM_A2.bam)) 2>&1 | tee SUM_A2.log
39	:	1742938829.976	   481.228	0	44	0	0	(time (/home/lexic/.conda/envs/samtools/bin/samtools view -S -b ../3-align/SUM_A1*.sam > SUM_A1.bam)) 2>&1 | tee SUM_A1.log
44	:	1742938829.992	   511.313	0	45	0	0	(time (/home/lexic/.conda/envs/samtools/bin/samtools view -S -b ../3-align/SUM_N3*.sam > SUM_N3.bam)) 2>&1 | tee SUM_N3.log
