Path to Cutadapt set as: '/home/lexic/.conda/envs/pre/bin/cutadapt' (user defined)
Cutadapt seems to be working fine (tested command '/home/lexic/.conda/envs/pre/bin/cutadapt --version')
Cutadapt version: 4.4
Could not detect version of Python used by Cutadapt from the first line of Cutadapt (but found this: >>>#!/bin/sh<<<)
Letting the (modified) Cutadapt deal with the Python version instead
pigz 2.8
Parallel gzip (pigz) detected. Proceeding with multicore (de)compression using 2 cores

Proceeding with 'pigz -p 2' for decompression
To decrease CPU usage of decompression, please install 'igzip' and run again

No quality encoding type selected. Assuming that the data provided uses Sanger encoded Phred scores (default)

Output will be written into the directory: /blazer/nv/jh3/2-trim/
Writing report to '/blazer/nv/jh3/2-trim/10w_6-4-2_S16_L001_R1_001.fastq.gz_trimming_report.txt'

SUMMARISING RUN PARAMETERS
==========================
Input filename: ../0-fastq/10w_6-4-2_S16_L001_R1_001.fastq.gz
Trimming mode: single-end
Trim Galore version: 0.6.10
Cutadapt version: 4.4
Python version: could not detect
Number of cores used for trimming: 2
Quality Phred score cutoff: 30
Quality encoding type selected: ASCII+33
Adapter sequence: 'AGATGTGTATAAGAGACAG' (user defined)
Maximum trimming error rate: 0.1 (default)
Minimum required adapter overlap (stringency): 1 bp
Minimum required sequence length before a sequence gets removed: 20 bp
Output file(s) will be GZIP compressed

Cutadapt seems to be fairly up-to-date (version 4.4). Setting -j 2
Writing final adapter and quality trimmed output to 10w_6-4-2_S16_L001_R1_001_trimmed.fq.gz


  >>> Now performing quality (cutoff '-q 30') and adapter trimming in a single pass for the adapter sequence: 'AGATGTGTATAAGAGACAG' from file ../0-fastq/10w_6-4-2_S16_L001_R1_001.fastq.gz <<< 
10000000 sequences processed
20000000 sequences processed
30000000 sequences processed
This is cutadapt 4.4 with Python 3.10.12
Command line parameters: -j 2 -e 0.1 -q 30 -O 1 -a AGATGTGTATAAGAGACAG ../0-fastq/10w_6-4-2_S16_L001_R1_001.fastq.gz
Processing single-end reads on 2 cores ...
Finished in 336.836 s (9.850 µs/read; 6.09 M reads/minute).

=== Summary ===

Total reads processed:              34,195,127
Reads with adapters:                10,421,422 (30.5%)
Reads written (passing filters):    34,195,127 (100.0%)

Total basepairs processed: 2,598,829,652 bp
Quality-trimmed:              22,268,271 bp (0.9%)
Total written (filtered):  2,561,810,154 bp (98.6%)

=== Adapter 1 ===

Sequence: AGATGTGTATAAGAGACAG; Type: regular 3'; Length: 19; Trimmed: 10421422 times

Minimum overlap: 1
No. of allowed errors:
1-9 bp: 0; 10-19 bp: 1

Bases preceding removed adapters:
  A: 25.8%
  C: 36.3%
  G: 21.6%
  T: 16.3%
  none/other: 0.0%

Overview of removed sequences
length	count	expect	max.err	error counts
1	7177612	8548781.8	0	7177612
2	2480393	2137195.4	0	2480393
3	563144	534298.9	0	563144
4	124644	133574.7	0	124644
5	52531	33393.7	0	52531
6	11793	8348.4	0	11793
7	5910	2087.1	0	5910
8	1885	521.8	0	1885
9	1030	130.4	0	73 957
10	1822	32.6	1	7 1815
11	504	8.2	1	0 504
12	119	2.0	1	1 118
13	12	0.5	1	0 12
14	7	0.1	1	0 7
15	14	0.0	1	0 14
16	2	0.0	1	0 2

RUN STATISTICS FOR INPUT FILE: ../0-fastq/10w_6-4-2_S16_L001_R1_001.fastq.gz
=============================================
34195127 sequences processed in total
Sequences removed because they became shorter than the length cutoff of 20 bp:	225241 (0.7%)

