Path to Cutadapt set as: '/home/lexic/.conda/envs/pre/bin/cutadapt' (user defined)
Cutadapt seems to be working fine (tested command '/home/lexic/.conda/envs/pre/bin/cutadapt --version')
Cutadapt version: 4.4
Could not detect version of Python used by Cutadapt from the first line of Cutadapt (but found this: >>>#!/bin/sh<<<)
Letting the (modified) Cutadapt deal with the Python version instead
pigz 2.8
Parallel gzip (pigz) detected. Proceeding with multicore (de)compression using 2 cores

Proceeding with 'pigz -p 2' for decompression
To decrease CPU usage of decompression, please install 'igzip' and run again

No quality encoding type selected. Assuming that the data provided uses Sanger encoded Phred scores (default)

Output will be written into the directory: /blazer/nv/jh3/2-trim/
Writing report to '/blazer/nv/jh3/2-trim/23d_6_4_1_S19_L001_R1_001.fastq.gz_trimming_report.txt'

SUMMARISING RUN PARAMETERS
==========================
Input filename: ../0-fastq/23d_6_4_1_S19_L001_R1_001.fastq.gz
Trimming mode: single-end
Trim Galore version: 0.6.10
Cutadapt version: 4.4
Python version: could not detect
Number of cores used for trimming: 2
Quality Phred score cutoff: 30
Quality encoding type selected: ASCII+33
Adapter sequence: 'AGATGTGTATAAGAGACAG' (user defined)
Maximum trimming error rate: 0.1 (default)
Minimum required adapter overlap (stringency): 1 bp
Minimum required sequence length before a sequence gets removed: 20 bp
Output file(s) will be GZIP compressed

Cutadapt seems to be fairly up-to-date (version 4.4). Setting -j 2
Writing final adapter and quality trimmed output to 23d_6_4_1_S19_L001_R1_001_trimmed.fq.gz


  >>> Now performing quality (cutoff '-q 30') and adapter trimming in a single pass for the adapter sequence: 'AGATGTGTATAAGAGACAG' from file ../0-fastq/23d_6_4_1_S19_L001_R1_001.fastq.gz <<< 
10000000 sequences processed
20000000 sequences processed
30000000 sequences processed
40000000 sequences processed
This is cutadapt 4.4 with Python 3.10.12
Command line parameters: -j 2 -e 0.1 -q 30 -O 1 -a AGATGTGTATAAGAGACAG ../0-fastq/23d_6_4_1_S19_L001_R1_001.fastq.gz
Processing single-end reads on 2 cores ...
Finished in 439.708 s (9.656 µs/read; 6.21 M reads/minute).

=== Summary ===

Total reads processed:              45,537,541
Reads with adapters:                14,565,832 (32.0%)
Reads written (passing filters):    45,537,541 (100.0%)

Total basepairs processed: 3,460,853,116 bp
Quality-trimmed:              23,564,714 bp (0.7%)
Total written (filtered):  3,416,791,860 bp (98.7%)

=== Adapter 1 ===

Sequence: AGATGTGTATAAGAGACAG; Type: regular 3'; Length: 19; Trimmed: 14565832 times

Minimum overlap: 1
No. of allowed errors:
1-9 bp: 0; 10-19 bp: 1

Bases preceding removed adapters:
  A: 28.1%
  C: 34.6%
  G: 20.2%
  T: 17.1%
  none/other: 0.0%

Overview of removed sequences
length	count	expect	max.err	error counts
1	10176671	11384385.2	0	10176671
2	3295800	2846096.3	0	3295800
3	806284	711524.1	0	806284
4	190901	177881.0	0	190901
5	66335	44470.3	0	66335
6	13465	11117.6	0	13465
7	8053	2779.4	0	8053
8	3003	694.8	0	3003
9	1375	173.7	0	102 1273
10	3089	43.4	1	34 3055
11	674	10.9	1	2 672
12	131	2.7	1	0 131
13	28	0.7	1	0 28
14	7	0.2	1	0 7
15	14	0.0	1	0 14
16	2	0.0	1	0 2

RUN STATISTICS FOR INPUT FILE: ../0-fastq/23d_6_4_1_S19_L001_R1_001.fastq.gz
=============================================
45537541 sequences processed in total
Sequences removed because they became shorter than the length cutoff of 20 bp:	210940 (0.5%)

