Path to Cutadapt set as: '/home/lexic/.conda/envs/pre/bin/cutadapt' (user defined)
Cutadapt seems to be working fine (tested command '/home/lexic/.conda/envs/pre/bin/cutadapt --version')
Cutadapt version: 4.4
Could not detect version of Python used by Cutadapt from the first line of Cutadapt (but found this: >>>#!/bin/sh<<<)
Letting the (modified) Cutadapt deal with the Python version instead
pigz 2.8
Parallel gzip (pigz) detected. Proceeding with multicore (de)compression using 2 cores

Proceeding with 'pigz -p 2' for decompression
To decrease CPU usage of decompression, please install 'igzip' and run again

No quality encoding type selected. Assuming that the data provided uses Sanger encoded Phred scores (default)

Output will be written into the directory: /blazer/nv/jh3/2-trim/
Writing report to '/blazer/nv/jh3/2-trim/23d_7_4_3_S22_L001_R1_001.fastq.gz_trimming_report.txt'

SUMMARISING RUN PARAMETERS
==========================
Input filename: ../0-fastq/23d_7_4_3_S22_L001_R1_001.fastq.gz
Trimming mode: single-end
Trim Galore version: 0.6.10
Cutadapt version: 4.4
Python version: could not detect
Number of cores used for trimming: 2
Quality Phred score cutoff: 30
Quality encoding type selected: ASCII+33
Adapter sequence: 'AGATGTGTATAAGAGACAG' (user defined)
Maximum trimming error rate: 0.1 (default)
Minimum required adapter overlap (stringency): 1 bp
Minimum required sequence length before a sequence gets removed: 20 bp
Output file(s) will be GZIP compressed

Cutadapt seems to be fairly up-to-date (version 4.4). Setting -j 2
Writing final adapter and quality trimmed output to 23d_7_4_3_S22_L001_R1_001_trimmed.fq.gz


  >>> Now performing quality (cutoff '-q 30') and adapter trimming in a single pass for the adapter sequence: 'AGATGTGTATAAGAGACAG' from file ../0-fastq/23d_7_4_3_S22_L001_R1_001.fastq.gz <<< 
10000000 sequences processed
20000000 sequences processed
30000000 sequences processed
40000000 sequences processed
This is cutadapt 4.4 with Python 3.10.12
Command line parameters: -j 2 -e 0.1 -q 30 -O 1 -a AGATGTGTATAAGAGACAG ../0-fastq/23d_7_4_3_S22_L001_R1_001.fastq.gz
Processing single-end reads on 2 cores ...
Finished in 446.132 s (9.611 µs/read; 6.24 M reads/minute).

=== Summary ===

Total reads processed:              46,419,917
Reads with adapters:                14,749,124 (31.8%)
Reads written (passing filters):    46,419,917 (100.0%)

Total basepairs processed: 3,527,913,692 bp
Quality-trimmed:              24,591,323 bp (0.7%)
Total written (filtered):  3,482,672,164 bp (98.7%)

=== Adapter 1 ===

Sequence: AGATGTGTATAAGAGACAG; Type: regular 3'; Length: 19; Trimmed: 14749124 times

Minimum overlap: 1
No. of allowed errors:
1-9 bp: 0; 10-19 bp: 1

Bases preceding removed adapters:
  A: 28.4%
  C: 34.6%
  G: 19.6%
  T: 17.3%
  none/other: 0.0%

Overview of removed sequences
length	count	expect	max.err	error counts
1	10381074	11604979.2	0	10381074
2	3286449	2901244.8	0	3286449
3	791263	725311.2	0	791263
4	191199	181327.8	0	191199
5	68500	45332.0	0	68500
6	12864	11333.0	0	12864
7	12849	2833.2	0	12849
8	943	708.3	0	943
9	1046	177.1	0	100 946
10	1671	44.3	1	42 1629
11	974	11.1	1	1 973
12	250	2.8	1	0 250
13	20	0.7	1	0 20
14	10	0.2	1	0 10
15	10	0.0	1	0 10
16	1	0.0	1	0 1
73	1	0.0	1	0 1

RUN STATISTICS FOR INPUT FILE: ../0-fastq/23d_7_4_3_S22_L001_R1_001.fastq.gz
=============================================
46419917 sequences processed in total
Sequences removed because they became shorter than the length cutoff of 20 bp:	224130 (0.5%)

