Path to Cutadapt set as: '/home/lexic/.conda/envs/pre/bin/cutadapt' (user defined)
Cutadapt seems to be working fine (tested command '/home/lexic/.conda/envs/pre/bin/cutadapt --version')
Cutadapt version: 4.4
Could not detect version of Python used by Cutadapt from the first line of Cutadapt (but found this: >>>#!/bin/sh<<<)
Letting the (modified) Cutadapt deal with the Python version instead
pigz 2.8
Parallel gzip (pigz) detected. Proceeding with multicore (de)compression using 2 cores

Proceeding with 'pigz -p 2' for decompression
To decrease CPU usage of decompression, please install 'igzip' and run again

No quality encoding type selected. Assuming that the data provided uses Sanger encoded Phred scores (default)

Output will be written into the directory: /blazer/nv/jh3/2-trim/
Writing report to '/blazer/nv/jh3/2-trim/23d_6_4_3_S23_L001_R1_001.fastq.gz_trimming_report.txt'

SUMMARISING RUN PARAMETERS
==========================
Input filename: ../0-fastq/23d_6_4_3_S23_L001_R1_001.fastq.gz
Trimming mode: single-end
Trim Galore version: 0.6.10
Cutadapt version: 4.4
Python version: could not detect
Number of cores used for trimming: 2
Quality Phred score cutoff: 30
Quality encoding type selected: ASCII+33
Adapter sequence: 'AGATGTGTATAAGAGACAG' (user defined)
Maximum trimming error rate: 0.1 (default)
Minimum required adapter overlap (stringency): 1 bp
Minimum required sequence length before a sequence gets removed: 20 bp
Output file(s) will be GZIP compressed

Cutadapt seems to be fairly up-to-date (version 4.4). Setting -j 2
Writing final adapter and quality trimmed output to 23d_6_4_3_S23_L001_R1_001_trimmed.fq.gz


  >>> Now performing quality (cutoff '-q 30') and adapter trimming in a single pass for the adapter sequence: 'AGATGTGTATAAGAGACAG' from file ../0-fastq/23d_6_4_3_S23_L001_R1_001.fastq.gz <<< 
10000000 sequences processed
20000000 sequences processed
30000000 sequences processed
40000000 sequences processed
This is cutadapt 4.4 with Python 3.10.12
Command line parameters: -j 2 -e 0.1 -q 30 -O 1 -a AGATGTGTATAAGAGACAG ../0-fastq/23d_6_4_3_S23_L001_R1_001.fastq.gz
Processing single-end reads on 2 cores ...
Finished in 407.682 s (9.856 µs/read; 6.09 M reads/minute).

=== Summary ===

Total reads processed:              41,364,792
Reads with adapters:                13,168,776 (31.8%)
Reads written (passing filters):    41,364,792 (100.0%)

Total basepairs processed: 3,143,724,192 bp
Quality-trimmed:              31,150,381 bp (1.0%)
Total written (filtered):  3,094,039,492 bp (98.4%)

=== Adapter 1 ===

Sequence: AGATGTGTATAAGAGACAG; Type: regular 3'; Length: 19; Trimmed: 13168776 times

Minimum overlap: 1
No. of allowed errors:
1-9 bp: 0; 10-19 bp: 1

Bases preceding removed adapters:
  A: 28.0%
  C: 34.6%
  G: 20.0%
  T: 17.3%
  none/other: 0.0%

Overview of removed sequences
length	count	expect	max.err	error counts
1	9204282	10341198.0	0	9204282
2	2980479	2585299.5	0	2980479
3	723660	646324.9	0	723660
4	167093	161581.2	0	167093
5	63125	40395.3	0	63125
6	13124	10098.8	0	13124
7	9557	2524.7	0	9557
8	3022	631.2	0	3022
9	1263	157.8	0	84 1179
10	2245	39.4	1	22 2223
11	759	9.9	1	0 759
12	111	2.5	1	0 111
13	22	0.6	1	0 22
14	12	0.2	1	0 12
15	21	0.0	1	0 21
16	1	0.0	1	0 1

RUN STATISTICS FOR INPUT FILE: ../0-fastq/23d_6_4_3_S23_L001_R1_001.fastq.gz
=============================================
41364792 sequences processed in total
Sequences removed because they became shorter than the length cutoff of 20 bp:	317374 (0.8%)

