Path to Cutadapt set as: '/home/lexic/.conda/envs/pre/bin/cutadapt' (user defined)
Cutadapt seems to be working fine (tested command '/home/lexic/.conda/envs/pre/bin/cutadapt --version')
Cutadapt version: 4.4
Could not detect version of Python used by Cutadapt from the first line of Cutadapt (but found this: >>>#!/bin/sh<<<)
Letting the (modified) Cutadapt deal with the Python version instead
pigz 2.8
Parallel gzip (pigz) detected. Proceeding with multicore (de)compression using 2 cores

Proceeding with 'pigz -p 2' for decompression
To decrease CPU usage of decompression, please install 'igzip' and run again

No quality encoding type selected. Assuming that the data provided uses Sanger encoded Phred scores (default)

Output will be written into the directory: /blazer/nv/jh3/2-trim/
Writing report to '/blazer/nv/jh3/2-trim/24h_I_S9_L001_R1_001.fastq.gz_trimming_report.txt'

SUMMARISING RUN PARAMETERS
==========================
Input filename: ../0-fastq/24h_I_S9_L001_R1_001.fastq.gz
Trimming mode: single-end
Trim Galore version: 0.6.10
Cutadapt version: 4.4
Python version: could not detect
Number of cores used for trimming: 2
Quality Phred score cutoff: 30
Quality encoding type selected: ASCII+33
Adapter sequence: 'AGATGTGTATAAGAGACAG' (user defined)
Maximum trimming error rate: 0.1 (default)
Minimum required adapter overlap (stringency): 1 bp
Minimum required sequence length before a sequence gets removed: 20 bp
Output file(s) will be GZIP compressed

Cutadapt seems to be fairly up-to-date (version 4.4). Setting -j 2
Writing final adapter and quality trimmed output to 24h_I_S9_L001_R1_001_trimmed.fq.gz


  >>> Now performing quality (cutoff '-q 30') and adapter trimming in a single pass for the adapter sequence: 'AGATGTGTATAAGAGACAG' from file ../0-fastq/24h_I_S9_L001_R1_001.fastq.gz <<< 
10000000 sequences processed
This is cutadapt 4.4 with Python 3.10.12
Command line parameters: -j 2 -e 0.1 -q 30 -O 1 -a AGATGTGTATAAGAGACAG ../0-fastq/24h_I_S9_L001_R1_001.fastq.gz
Processing single-end reads on 2 cores ...
Finished in 175.718 s (11.074 µs/read; 5.42 M reads/minute).

=== Summary ===

Total reads processed:              15,867,282
Reads with adapters:                 4,910,505 (30.9%)
Reads written (passing filters):    15,867,282 (100.0%)

Total basepairs processed: 1,190,046,150 bp
Quality-trimmed:              29,747,273 bp (2.5%)
Total written (filtered):  1,153,417,492 bp (96.9%)

=== Adapter 1 ===

Sequence: AGATGTGTATAAGAGACAG; Type: regular 3'; Length: 19; Trimmed: 4910505 times

Minimum overlap: 1
No. of allowed errors:
1-9 bp: 0; 10-19 bp: 1

Bases preceding removed adapters:
  A: 32.5%
  C: 32.0%
  G: 17.6%
  T: 17.8%
  none/other: 0.1%

Overview of removed sequences
length	count	expect	max.err	error counts
1	3457510	3966820.5	0	3457510
2	1088132	991705.1	0	1088132
3	260307	247926.3	0	260307
4	73347	61981.6	0	73347
5	21244	15495.4	0	21244
6	7134	3873.8	0	7134
7	1180	968.5	0	1180
8	275	242.1	0	275
9	385	60.5	0	43 342
10	702	15.1	1	68 634
11	183	3.8	1	0 183
12	77	0.9	1	0 77
13	18	0.2	1	0 18
14	5	0.1	1	0 5
15	4	0.0	1	0 4
16	2	0.0	1	0 2

RUN STATISTICS FOR INPUT FILE: ../0-fastq/24h_I_S9_L001_R1_001.fastq.gz
=============================================
15867282 sequences processed in total
Sequences removed because they became shorter than the length cutoff of 20 bp:	189606 (1.2%)

Writing report to '/blazer/nv/jh3/2-trim/24h_I_S9_L002_R1_001.fastq.gz_trimming_report.txt'

SUMMARISING RUN PARAMETERS
==========================
Input filename: ../0-fastq/24h_I_S9_L002_R1_001.fastq.gz
Trimming mode: single-end
Trim Galore version: 0.6.10
Cutadapt version: 4.4
Python version: could not detect
Number of cores used for trimming: 2
Quality Phred score cutoff: 30
Quality encoding type selected: ASCII+33
Adapter sequence: 'AGATGTGTATAAGAGACAG' (user defined)
Maximum trimming error rate: 0.1 (default)
Minimum required adapter overlap (stringency): 1 bp
Minimum required sequence length before a sequence gets removed: 20 bp
Output file(s) will be GZIP compressed

Cutadapt seems to be fairly up-to-date (version 4.4). Setting -j -j 2
Writing final adapter and quality trimmed output to 24h_I_S9_L002_R1_001_trimmed.fq.gz


  >>> Now performing quality (cutoff '-q 30') and adapter trimming in a single pass for the adapter sequence: 'AGATGTGTATAAGAGACAG' from file ../0-fastq/24h_I_S9_L002_R1_001.fastq.gz <<< 
10000000 sequences processed
This is cutadapt 4.4 with Python 3.10.12
Command line parameters: -j 2 -e 0.1 -q 30 -O 1 -a AGATGTGTATAAGAGACAG ../0-fastq/24h_I_S9_L002_R1_001.fastq.gz
Processing single-end reads on 2 cores ...
Finished in 169.990 s (11.061 µs/read; 5.42 M reads/minute).

=== Summary ===

Total reads processed:              15,368,190
Reads with adapters:                 4,782,809 (31.1%)
Reads written (passing filters):    15,368,190 (100.0%)

Total basepairs processed: 1,152,614,250 bp
Quality-trimmed:              27,518,420 bp (2.4%)
Total written (filtered):  1,118,395,951 bp (97.0%)

=== Adapter 1 ===

Sequence: AGATGTGTATAAGAGACAG; Type: regular 3'; Length: 19; Trimmed: 4782809 times

Minimum overlap: 1
No. of allowed errors:
1-9 bp: 0; 10-19 bp: 1

Bases preceding removed adapters:
  A: 32.4%
  C: 32.1%
  G: 17.7%
  T: 17.7%
  none/other: 0.1%

Overview of removed sequences
length	count	expect	max.err	error counts
1	3369474	3842047.5	0	3369474
2	1056878	960511.9	0	1056878
3	255552	240128.0	0	255552
4	70547	60032.0	0	70547
5	21046	15008.0	0	21046
6	6676	3752.0	0	6676
7	1152	938.0	0	1152
8	235	234.5	0	235
9	349	58.6	0	29 320
10	625	14.7	1	46 579
11	177	3.7	1	2 175
12	61	0.9	1	1 60
13	21	0.2	1	0 21
14	8	0.1	1	0 8
15	8	0.0	1	0 8

RUN STATISTICS FOR INPUT FILE: ../0-fastq/24h_I_S9_L002_R1_001.fastq.gz
=============================================
15368190 sequences processed in total
Sequences removed because they became shorter than the length cutoff of 20 bp:	178693 (1.2%)

Writing report to '/blazer/nv/jh3/2-trim/24h_I_S9_L003_R1_001.fastq.gz_trimming_report.txt'

SUMMARISING RUN PARAMETERS
==========================
Input filename: ../0-fastq/24h_I_S9_L003_R1_001.fastq.gz
Trimming mode: single-end
Trim Galore version: 0.6.10
Cutadapt version: 4.4
Python version: could not detect
Number of cores used for trimming: 2
Quality Phred score cutoff: 30
Quality encoding type selected: ASCII+33
Adapter sequence: 'AGATGTGTATAAGAGACAG' (user defined)
Maximum trimming error rate: 0.1 (default)
Minimum required adapter overlap (stringency): 1 bp
Minimum required sequence length before a sequence gets removed: 20 bp
Output file(s) will be GZIP compressed

Cutadapt seems to be fairly up-to-date (version 4.4). Setting -j -j 2
Writing final adapter and quality trimmed output to 24h_I_S9_L003_R1_001_trimmed.fq.gz


  >>> Now performing quality (cutoff '-q 30') and adapter trimming in a single pass for the adapter sequence: 'AGATGTGTATAAGAGACAG' from file ../0-fastq/24h_I_S9_L003_R1_001.fastq.gz <<< 
10000000 sequences processed
This is cutadapt 4.4 with Python 3.10.12
Command line parameters: -j 2 -e 0.1 -q 30 -O 1 -a AGATGTGTATAAGAGACAG ../0-fastq/24h_I_S9_L003_R1_001.fastq.gz
Processing single-end reads on 2 cores ...
Finished in 138.065 s (8.791 µs/read; 6.82 M reads/minute).

=== Summary ===

Total reads processed:              15,704,475
Reads with adapters:                 4,803,517 (30.6%)
Reads written (passing filters):    15,704,475 (100.0%)

Total basepairs processed: 1,177,835,625 bp
Quality-trimmed:              37,327,232 bp (3.2%)
Total written (filtered):  1,133,788,025 bp (96.3%)

=== Adapter 1 ===

Sequence: AGATGTGTATAAGAGACAG; Type: regular 3'; Length: 19; Trimmed: 4803517 times

Minimum overlap: 1
No. of allowed errors:
1-9 bp: 0; 10-19 bp: 1

Bases preceding removed adapters:
  A: 33.0%
  C: 32.0%
  G: 17.4%
  T: 17.5%
  none/other: 0.1%

Overview of removed sequences
length	count	expect	max.err	error counts
1	3394527	3926118.8	0	3394527
2	1050366	981529.7	0	1050366
3	256483	245382.4	0	256483
4	71693	61345.6	0	71693
5	20958	15336.4	0	20958
6	6758	3834.1	0	6758
7	1140	958.5	0	1140
8	252	239.6	0	252
9	369	59.9	0	45 324
10	641	15.0	1	57 584
11	207	3.7	1	0 207
12	82	0.9	1	0 82
13	21	0.2	1	0 21
14	12	0.1	1	0 12
15	7	0.0	1	0 7
16	1	0.0	1	0 1

RUN STATISTICS FOR INPUT FILE: ../0-fastq/24h_I_S9_L003_R1_001.fastq.gz
=============================================
15704475 sequences processed in total
Sequences removed because they became shorter than the length cutoff of 20 bp:	215599 (1.4%)

Writing report to '/blazer/nv/jh3/2-trim/24h_I_S9_L004_R1_001.fastq.gz_trimming_report.txt'

SUMMARISING RUN PARAMETERS
==========================
Input filename: ../0-fastq/24h_I_S9_L004_R1_001.fastq.gz
Trimming mode: single-end
Trim Galore version: 0.6.10
Cutadapt version: 4.4
Python version: could not detect
Number of cores used for trimming: 2
Quality Phred score cutoff: 30
Quality encoding type selected: ASCII+33
Adapter sequence: 'AGATGTGTATAAGAGACAG' (user defined)
Maximum trimming error rate: 0.1 (default)
Minimum required adapter overlap (stringency): 1 bp
Minimum required sequence length before a sequence gets removed: 20 bp
Output file(s) will be GZIP compressed

Cutadapt seems to be fairly up-to-date (version 4.4). Setting -j -j 2
Writing final adapter and quality trimmed output to 24h_I_S9_L004_R1_001_trimmed.fq.gz


  >>> Now performing quality (cutoff '-q 30') and adapter trimming in a single pass for the adapter sequence: 'AGATGTGTATAAGAGACAG' from file ../0-fastq/24h_I_S9_L004_R1_001.fastq.gz <<< 
10000000 sequences processed
This is cutadapt 4.4 with Python 3.10.12
Command line parameters: -j 2 -e 0.1 -q 30 -O 1 -a AGATGTGTATAAGAGACAG ../0-fastq/24h_I_S9_L004_R1_001.fastq.gz
Processing single-end reads on 2 cores ...
Finished in 111.244 s (7.164 µs/read; 8.37 M reads/minute).

=== Summary ===

Total reads processed:              15,527,713
Reads with adapters:                 4,811,405 (31.0%)
Reads written (passing filters):    15,527,713 (100.0%)

Total basepairs processed: 1,164,578,475 bp
Quality-trimmed:              30,818,600 bp (2.6%)
Total written (filtered):  1,127,026,101 bp (96.8%)

=== Adapter 1 ===

Sequence: AGATGTGTATAAGAGACAG; Type: regular 3'; Length: 19; Trimmed: 4811405 times

Minimum overlap: 1
No. of allowed errors:
1-9 bp: 0; 10-19 bp: 1

Bases preceding removed adapters:
  A: 32.5%
  C: 32.0%
  G: 17.7%
  T: 17.7%
  none/other: 0.1%

Overview of removed sequences
length	count	expect	max.err	error counts
1	3396631	3881928.2	0	3396631
2	1055110	970482.1	0	1055110
3	257721	242620.5	0	257721
4	71899	60655.1	0	71899
5	20610	15163.8	0	20610
6	6886	3790.9	0	6886
7	1109	947.7	0	1109
8	221	236.9	0	221
9	344	59.2	0	22 322
10	607	14.8	1	64 543
11	156	3.7	1	0 156
12	80	0.9	1	0 80
13	16	0.2	1	0 16
14	9	0.1	1	0 9
15	5	0.0	1	0 5
16	1	0.0	1	0 1

RUN STATISTICS FOR INPUT FILE: ../0-fastq/24h_I_S9_L004_R1_001.fastq.gz
=============================================
15527713 sequences processed in total
Sequences removed because they became shorter than the length cutoff of 20 bp:	192403 (1.2%)

