Path to Cutadapt set as: '/home/lexic/.conda/envs/pre/bin/cutadapt' (user defined)
Cutadapt seems to be working fine (tested command '/home/lexic/.conda/envs/pre/bin/cutadapt --version')
Cutadapt version: 4.4
Could not detect version of Python used by Cutadapt from the first line of Cutadapt (but found this: >>>#!/bin/sh<<<)
Letting the (modified) Cutadapt deal with the Python version instead
pigz 2.8
Parallel gzip (pigz) detected. Proceeding with multicore (de)compression using 2 cores

Proceeding with 'pigz -p 2' for decompression
To decrease CPU usage of decompression, please install 'igzip' and run again

No quality encoding type selected. Assuming that the data provided uses Sanger encoded Phred scores (default)

Output will be written into the directory: /blazer/nv/jh3/2-trim/
Writing report to '/blazer/nv/jh3/2-trim/24h_M_S10_L001_R1_001.fastq.gz_trimming_report.txt'

SUMMARISING RUN PARAMETERS
==========================
Input filename: ../0-fastq/24h_M_S10_L001_R1_001.fastq.gz
Trimming mode: single-end
Trim Galore version: 0.6.10
Cutadapt version: 4.4
Python version: could not detect
Number of cores used for trimming: 2
Quality Phred score cutoff: 30
Quality encoding type selected: ASCII+33
Adapter sequence: 'AGATGTGTATAAGAGACAG' (user defined)
Maximum trimming error rate: 0.1 (default)
Minimum required adapter overlap (stringency): 1 bp
Minimum required sequence length before a sequence gets removed: 20 bp
Output file(s) will be GZIP compressed

Cutadapt seems to be fairly up-to-date (version 4.4). Setting -j 2
Writing final adapter and quality trimmed output to 24h_M_S10_L001_R1_001_trimmed.fq.gz


  >>> Now performing quality (cutoff '-q 30') and adapter trimming in a single pass for the adapter sequence: 'AGATGTGTATAAGAGACAG' from file ../0-fastq/24h_M_S10_L001_R1_001.fastq.gz <<< 
10000000 sequences processed
This is cutadapt 4.4 with Python 3.10.12
Command line parameters: -j 2 -e 0.1 -q 30 -O 1 -a AGATGTGTATAAGAGACAG ../0-fastq/24h_M_S10_L001_R1_001.fastq.gz
Processing single-end reads on 2 cores ...
Finished in 150.854 s (11.420 µs/read; 5.25 M reads/minute).

=== Summary ===

Total reads processed:              13,209,171
Reads with adapters:                 4,010,654 (30.4%)
Reads written (passing filters):    13,209,171 (100.0%)

Total basepairs processed:   990,687,825 bp
Quality-trimmed:              37,673,178 bp (3.8%)
Total written (filtered):    947,432,581 bp (95.6%)

=== Adapter 1 ===

Sequence: AGATGTGTATAAGAGACAG; Type: regular 3'; Length: 19; Trimmed: 4010654 times

Minimum overlap: 1
No. of allowed errors:
1-9 bp: 0; 10-19 bp: 1

Bases preceding removed adapters:
  A: 32.4%
  C: 31.2%
  G: 18.3%
  T: 17.5%
  none/other: 0.6%

Overview of removed sequences
length	count	expect	max.err	error counts
1	2842062	3302292.8	0	2842062
2	878633	825573.2	0	878633
3	211719	206393.3	0	211719
4	55107	51598.3	0	55107
5	16924	12899.6	0	16924
6	3972	3224.9	0	3972
7	968	806.2	0	968
8	321	201.6	0	321
9	383	50.4	0	59 324
10	363	12.6	1	7 356
11	165	3.1	1	0 165
12	25	0.8	1	0 25
13	6	0.2	1	0 6
14	4	0.0	1	0 4
15	1	0.0	1	0 1
16	1	0.0	1	0 1

RUN STATISTICS FOR INPUT FILE: ../0-fastq/24h_M_S10_L001_R1_001.fastq.gz
=============================================
13209171 sequences processed in total
Sequences removed because they became shorter than the length cutoff of 20 bp:	271630 (2.1%)

Writing report to '/blazer/nv/jh3/2-trim/24h_M_S10_L002_R1_001.fastq.gz_trimming_report.txt'

SUMMARISING RUN PARAMETERS
==========================
Input filename: ../0-fastq/24h_M_S10_L002_R1_001.fastq.gz
Trimming mode: single-end
Trim Galore version: 0.6.10
Cutadapt version: 4.4
Python version: could not detect
Number of cores used for trimming: 2
Quality Phred score cutoff: 30
Quality encoding type selected: ASCII+33
Adapter sequence: 'AGATGTGTATAAGAGACAG' (user defined)
Maximum trimming error rate: 0.1 (default)
Minimum required adapter overlap (stringency): 1 bp
Minimum required sequence length before a sequence gets removed: 20 bp
Output file(s) will be GZIP compressed

Cutadapt seems to be fairly up-to-date (version 4.4). Setting -j -j 2
Writing final adapter and quality trimmed output to 24h_M_S10_L002_R1_001_trimmed.fq.gz


  >>> Now performing quality (cutoff '-q 30') and adapter trimming in a single pass for the adapter sequence: 'AGATGTGTATAAGAGACAG' from file ../0-fastq/24h_M_S10_L002_R1_001.fastq.gz <<< 
10000000 sequences processed
This is cutadapt 4.4 with Python 3.10.12
Command line parameters: -j 2 -e 0.1 -q 30 -O 1 -a AGATGTGTATAAGAGACAG ../0-fastq/24h_M_S10_L002_R1_001.fastq.gz
Processing single-end reads on 2 cores ...
Finished in 155.825 s (11.509 µs/read; 5.21 M reads/minute).

=== Summary ===

Total reads processed:              13,539,215
Reads with adapters:                 4,128,212 (30.5%)
Reads written (passing filters):    13,539,215 (100.0%)

Total basepairs processed: 1,015,441,125 bp
Quality-trimmed:              38,244,387 bp (3.8%)
Total written (filtered):    971,450,784 bp (95.7%)

=== Adapter 1 ===

Sequence: AGATGTGTATAAGAGACAG; Type: regular 3'; Length: 19; Trimmed: 4128212 times

Minimum overlap: 1
No. of allowed errors:
1-9 bp: 0; 10-19 bp: 1

Bases preceding removed adapters:
  A: 32.3%
  C: 31.3%
  G: 18.3%
  T: 17.5%
  none/other: 0.6%

Overview of removed sequences
length	count	expect	max.err	error counts
1	2925561	3384803.8	0	2925561
2	903842	846200.9	0	903842
3	218547	211550.2	0	218547
4	56380	52887.6	0	56380
5	17471	13221.9	0	17471
6	4037	3305.5	0	4037
7	982	826.4	0	982
8	357	206.6	0	357
9	402	51.6	0	56 346
10	417	12.9	1	5 412
11	170	3.2	1	1 169
12	30	0.8	1	0 30
13	5	0.2	1	0 5
14	8	0.1	1	0 8
15	2	0.0	1	0 2
16	1	0.0	1	0 1

RUN STATISTICS FOR INPUT FILE: ../0-fastq/24h_M_S10_L002_R1_001.fastq.gz
=============================================
13539215 sequences processed in total
Sequences removed because they became shorter than the length cutoff of 20 bp:	279534 (2.1%)

Writing report to '/blazer/nv/jh3/2-trim/24h_M_S10_L003_R1_001.fastq.gz_trimming_report.txt'

SUMMARISING RUN PARAMETERS
==========================
Input filename: ../0-fastq/24h_M_S10_L003_R1_001.fastq.gz
Trimming mode: single-end
Trim Galore version: 0.6.10
Cutadapt version: 4.4
Python version: could not detect
Number of cores used for trimming: 2
Quality Phred score cutoff: 30
Quality encoding type selected: ASCII+33
Adapter sequence: 'AGATGTGTATAAGAGACAG' (user defined)
Maximum trimming error rate: 0.1 (default)
Minimum required adapter overlap (stringency): 1 bp
Minimum required sequence length before a sequence gets removed: 20 bp
Output file(s) will be GZIP compressed

Cutadapt seems to be fairly up-to-date (version 4.4). Setting -j -j 2
Writing final adapter and quality trimmed output to 24h_M_S10_L003_R1_001_trimmed.fq.gz


  >>> Now performing quality (cutoff '-q 30') and adapter trimming in a single pass for the adapter sequence: 'AGATGTGTATAAGAGACAG' from file ../0-fastq/24h_M_S10_L003_R1_001.fastq.gz <<< 
10000000 sequences processed
This is cutadapt 4.4 with Python 3.10.12
Command line parameters: -j 2 -e 0.1 -q 30 -O 1 -a AGATGTGTATAAGAGACAG ../0-fastq/24h_M_S10_L003_R1_001.fastq.gz
Processing single-end reads on 2 cores ...
Finished in 142.920 s (10.224 µs/read; 5.87 M reads/minute).

=== Summary ===

Total reads processed:              13,978,219
Reads with adapters:                 4,251,817 (30.4%)
Reads written (passing filters):    13,978,219 (100.0%)

Total basepairs processed: 1,048,366,425 bp
Quality-trimmed:              41,306,569 bp (3.9%)
Total written (filtered):  1,001,146,011 bp (95.5%)

=== Adapter 1 ===

Sequence: AGATGTGTATAAGAGACAG; Type: regular 3'; Length: 19; Trimmed: 4251817 times

Minimum overlap: 1
No. of allowed errors:
1-9 bp: 0; 10-19 bp: 1

Bases preceding removed adapters:
  A: 32.5%
  C: 31.2%
  G: 18.3%
  T: 17.4%
  none/other: 0.6%

Overview of removed sequences
length	count	expect	max.err	error counts
1	3018573	3494554.8	0	3018573
2	924510	873638.7	0	924510
3	225522	218409.7	0	225522
4	58644	54602.4	0	58644
5	18014	13650.6	0	18014
6	4200	3412.7	0	4200
7	1006	853.2	0	1006
8	331	213.3	0	331
9	420	53.3	0	70 350
10	359	13.3	1	5 354
11	180	3.3	1	0 180
12	35	0.8	1	1 34
13	10	0.2	1	0 10
14	6	0.1	1	0 6
15	5	0.0	1	0 5
16	1	0.0	1	0 1
75	1	0.0	1	0 1

RUN STATISTICS FOR INPUT FILE: ../0-fastq/24h_M_S10_L003_R1_001.fastq.gz
=============================================
13978219 sequences processed in total
Sequences removed because they became shorter than the length cutoff of 20 bp:	299333 (2.1%)

Writing report to '/blazer/nv/jh3/2-trim/24h_M_S10_L004_R1_001.fastq.gz_trimming_report.txt'

SUMMARISING RUN PARAMETERS
==========================
Input filename: ../0-fastq/24h_M_S10_L004_R1_001.fastq.gz
Trimming mode: single-end
Trim Galore version: 0.6.10
Cutadapt version: 4.4
Python version: could not detect
Number of cores used for trimming: 2
Quality Phred score cutoff: 30
Quality encoding type selected: ASCII+33
Adapter sequence: 'AGATGTGTATAAGAGACAG' (user defined)
Maximum trimming error rate: 0.1 (default)
Minimum required adapter overlap (stringency): 1 bp
Minimum required sequence length before a sequence gets removed: 20 bp
Output file(s) will be GZIP compressed

Cutadapt seems to be fairly up-to-date (version 4.4). Setting -j -j 2
Writing final adapter and quality trimmed output to 24h_M_S10_L004_R1_001_trimmed.fq.gz


  >>> Now performing quality (cutoff '-q 30') and adapter trimming in a single pass for the adapter sequence: 'AGATGTGTATAAGAGACAG' from file ../0-fastq/24h_M_S10_L004_R1_001.fastq.gz <<< 
10000000 sequences processed
This is cutadapt 4.4 with Python 3.10.12
Command line parameters: -j 2 -e 0.1 -q 30 -O 1 -a AGATGTGTATAAGAGACAG ../0-fastq/24h_M_S10_L004_R1_001.fastq.gz
Processing single-end reads on 2 cores ...
Finished in 106.037 s (7.531 µs/read; 7.97 M reads/minute).

=== Summary ===

Total reads processed:              14,079,590
Reads with adapters:                 4,301,477 (30.6%)
Reads written (passing filters):    14,079,590 (100.0%)

Total basepairs processed: 1,055,969,250 bp
Quality-trimmed:              41,238,492 bp (3.9%)
Total written (filtered):  1,008,750,724 bp (95.5%)

=== Adapter 1 ===

Sequence: AGATGTGTATAAGAGACAG; Type: regular 3'; Length: 19; Trimmed: 4301477 times

Minimum overlap: 1
No. of allowed errors:
1-9 bp: 0; 10-19 bp: 1

Bases preceding removed adapters:
  A: 32.4%
  C: 31.3%
  G: 18.2%
  T: 17.4%
  none/other: 0.6%

Overview of removed sequences
length	count	expect	max.err	error counts
1	3057102	3519897.5	0	3057102
2	931812	879974.4	0	931812
3	228241	219993.6	0	228241
4	59533	54998.4	0	59533
5	18103	13749.6	0	18103
6	4282	3437.4	0	4282
7	1029	859.3	0	1029
8	328	214.8	0	328
9	389	53.7	0	69 320
10	408	13.4	1	5 403
11	189	3.4	1	1 188
12	46	0.8	1	0 46
13	8	0.2	1	0 8
14	4	0.1	1	0 4
15	1	0.0	1	0 1
16	2	0.0	1	0 2

RUN STATISTICS FOR INPUT FILE: ../0-fastq/24h_M_S10_L004_R1_001.fastq.gz
=============================================
14079590 sequences processed in total
Sequences removed because they became shorter than the length cutoff of 20 bp:	303925 (2.2%)

