Path to Cutadapt set as: '/home/lexic/.conda/envs/pre/bin/cutadapt' (user defined)
Cutadapt seems to be working fine (tested command '/home/lexic/.conda/envs/pre/bin/cutadapt --version')
Cutadapt version: 4.4
Could not detect version of Python used by Cutadapt from the first line of Cutadapt (but found this: >>>#!/bin/sh<<<)
Letting the (modified) Cutadapt deal with the Python version instead
pigz 2.8
Parallel gzip (pigz) detected. Proceeding with multicore (de)compression using 2 cores

Proceeding with 'pigz -p 2' for decompression
To decrease CPU usage of decompression, please install 'igzip' and run again

No quality encoding type selected. Assuming that the data provided uses Sanger encoded Phred scores (default)

Output will be written into the directory: /blazer/nv/jh3/2-trim/
Writing report to '/blazer/nv/jh3/2-trim/24h_L_S9_L001_R1_001.fastq.gz_trimming_report.txt'

SUMMARISING RUN PARAMETERS
==========================
Input filename: ../0-fastq/24h_L_S9_L001_R1_001.fastq.gz
Trimming mode: single-end
Trim Galore version: 0.6.10
Cutadapt version: 4.4
Python version: could not detect
Number of cores used for trimming: 2
Quality Phred score cutoff: 30
Quality encoding type selected: ASCII+33
Adapter sequence: 'AGATGTGTATAAGAGACAG' (user defined)
Maximum trimming error rate: 0.1 (default)
Minimum required adapter overlap (stringency): 1 bp
Minimum required sequence length before a sequence gets removed: 20 bp
Output file(s) will be GZIP compressed

Cutadapt seems to be fairly up-to-date (version 4.4). Setting -j 2
Writing final adapter and quality trimmed output to 24h_L_S9_L001_R1_001_trimmed.fq.gz


  >>> Now performing quality (cutoff '-q 30') and adapter trimming in a single pass for the adapter sequence: 'AGATGTGTATAAGAGACAG' from file ../0-fastq/24h_L_S9_L001_R1_001.fastq.gz <<< 
10000000 sequences processed
This is cutadapt 4.4 with Python 3.10.12
Command line parameters: -j 2 -e 0.1 -q 30 -O 1 -a AGATGTGTATAAGAGACAG ../0-fastq/24h_L_S9_L001_R1_001.fastq.gz
Processing single-end reads on 2 cores ...
Finished in 144.224 s (11.426 µs/read; 5.25 M reads/minute).

=== Summary ===

Total reads processed:              12,622,563
Reads with adapters:                 3,845,021 (30.5%)
Reads written (passing filters):    12,622,563 (100.0%)

Total basepairs processed:   946,692,225 bp
Quality-trimmed:              36,256,784 bp (3.8%)
Total written (filtered):    905,086,877 bp (95.6%)

=== Adapter 1 ===

Sequence: AGATGTGTATAAGAGACAG; Type: regular 3'; Length: 19; Trimmed: 3845021 times

Minimum overlap: 1
No. of allowed errors:
1-9 bp: 0; 10-19 bp: 1

Bases preceding removed adapters:
  A: 32.5%
  C: 31.2%
  G: 18.3%
  T: 17.6%
  none/other: 0.5%

Overview of removed sequences
length	count	expect	max.err	error counts
1	2730040	3155640.8	0	2730040
2	834425	788910.2	0	834425
3	205559	197227.5	0	205559
4	52973	49306.9	0	52973
5	16109	12326.7	0	16109
6	3793	3081.7	0	3793
7	948	770.4	0	948
8	271	192.6	0	271
9	323	48.2	0	41 282
10	368	12.0	1	5 363
11	162	3.0	1	1 161
12	32	0.8	1	0 32
13	11	0.2	1	0 11
14	5	0.0	1	0 5
16	2	0.0	1	0 2

RUN STATISTICS FOR INPUT FILE: ../0-fastq/24h_L_S9_L001_R1_001.fastq.gz
=============================================
12622563 sequences processed in total
Sequences removed because they became shorter than the length cutoff of 20 bp:	259018 (2.1%)

Writing report to '/blazer/nv/jh3/2-trim/24h_L_S9_L002_R1_001.fastq.gz_trimming_report.txt'

SUMMARISING RUN PARAMETERS
==========================
Input filename: ../0-fastq/24h_L_S9_L002_R1_001.fastq.gz
Trimming mode: single-end
Trim Galore version: 0.6.10
Cutadapt version: 4.4
Python version: could not detect
Number of cores used for trimming: 2
Quality Phred score cutoff: 30
Quality encoding type selected: ASCII+33
Adapter sequence: 'AGATGTGTATAAGAGACAG' (user defined)
Maximum trimming error rate: 0.1 (default)
Minimum required adapter overlap (stringency): 1 bp
Minimum required sequence length before a sequence gets removed: 20 bp
Output file(s) will be GZIP compressed

Cutadapt seems to be fairly up-to-date (version 4.4). Setting -j -j 2
Writing final adapter and quality trimmed output to 24h_L_S9_L002_R1_001_trimmed.fq.gz


  >>> Now performing quality (cutoff '-q 30') and adapter trimming in a single pass for the adapter sequence: 'AGATGTGTATAAGAGACAG' from file ../0-fastq/24h_L_S9_L002_R1_001.fastq.gz <<< 
10000000 sequences processed
This is cutadapt 4.4 with Python 3.10.12
Command line parameters: -j 2 -e 0.1 -q 30 -O 1 -a AGATGTGTATAAGAGACAG ../0-fastq/24h_L_S9_L002_R1_001.fastq.gz
Processing single-end reads on 2 cores ...
Finished in 150.040 s (11.615 µs/read; 5.17 M reads/minute).

=== Summary ===

Total reads processed:              12,917,855
Reads with adapters:                 3,946,770 (30.6%)
Reads written (passing filters):    12,917,855 (100.0%)

Total basepairs processed:   968,839,125 bp
Quality-trimmed:              36,755,903 bp (3.8%)
Total written (filtered):    926,591,825 bp (95.6%)

=== Adapter 1 ===

Sequence: AGATGTGTATAAGAGACAG; Type: regular 3'; Length: 19; Trimmed: 3946770 times

Minimum overlap: 1
No. of allowed errors:
1-9 bp: 0; 10-19 bp: 1

Bases preceding removed adapters:
  A: 32.4%
  C: 31.2%
  G: 18.4%
  T: 17.6%
  none/other: 0.5%

Overview of removed sequences
length	count	expect	max.err	error counts
1	2800898	3229463.8	0	2800898
2	858639	807365.9	0	858639
3	210167	201841.5	0	210167
4	54063	50460.4	0	54063
5	16870	12615.1	0	16870
6	3884	3153.8	0	3884
7	984	788.4	0	984
8	321	197.1	0	321
9	357	49.3	0	54 303
10	373	12.3	1	5 368
11	167	3.1	1	0 167
12	37	0.8	1	0 37
13	6	0.2	1	0 6
14	4	0.0	1	0 4

RUN STATISTICS FOR INPUT FILE: ../0-fastq/24h_L_S9_L002_R1_001.fastq.gz
=============================================
12917855 sequences processed in total
Sequences removed because they became shorter than the length cutoff of 20 bp:	265544 (2.1%)

Writing report to '/blazer/nv/jh3/2-trim/24h_L_S9_L003_R1_001.fastq.gz_trimming_report.txt'

SUMMARISING RUN PARAMETERS
==========================
Input filename: ../0-fastq/24h_L_S9_L003_R1_001.fastq.gz
Trimming mode: single-end
Trim Galore version: 0.6.10
Cutadapt version: 4.4
Python version: could not detect
Number of cores used for trimming: 2
Quality Phred score cutoff: 30
Quality encoding type selected: ASCII+33
Adapter sequence: 'AGATGTGTATAAGAGACAG' (user defined)
Maximum trimming error rate: 0.1 (default)
Minimum required adapter overlap (stringency): 1 bp
Minimum required sequence length before a sequence gets removed: 20 bp
Output file(s) will be GZIP compressed

Cutadapt seems to be fairly up-to-date (version 4.4). Setting -j -j 2
Writing final adapter and quality trimmed output to 24h_L_S9_L003_R1_001_trimmed.fq.gz


  >>> Now performing quality (cutoff '-q 30') and adapter trimming in a single pass for the adapter sequence: 'AGATGTGTATAAGAGACAG' from file ../0-fastq/24h_L_S9_L003_R1_001.fastq.gz <<< 
10000000 sequences processed
This is cutadapt 4.4 with Python 3.10.12
Command line parameters: -j 2 -e 0.1 -q 30 -O 1 -a AGATGTGTATAAGAGACAG ../0-fastq/24h_L_S9_L003_R1_001.fastq.gz
Processing single-end reads on 2 cores ...
Finished in 142.964 s (10.727 µs/read; 5.59 M reads/minute).

=== Summary ===

Total reads processed:              13,327,803
Reads with adapters:                 4,063,413 (30.5%)
Reads written (passing filters):    13,327,803 (100.0%)

Total basepairs processed:   999,585,225 bp
Quality-trimmed:              39,614,797 bp (4.0%)
Total written (filtered):    954,320,015 bp (95.5%)

=== Adapter 1 ===

Sequence: AGATGTGTATAAGAGACAG; Type: regular 3'; Length: 19; Trimmed: 4063413 times

Minimum overlap: 1
No. of allowed errors:
1-9 bp: 0; 10-19 bp: 1

Bases preceding removed adapters:
  A: 32.5%
  C: 31.2%
  G: 18.4%
  T: 17.4%
  none/other: 0.5%

Overview of removed sequences
length	count	expect	max.err	error counts
1	2889601	3331950.8	0	2889601
2	876092	832987.7	0	876092
3	217762	208246.9	0	217762
4	56378	52061.7	0	56378
5	17224	13015.4	0	17224
6	4048	3253.9	0	4048
7	983	813.5	0	983
8	303	203.4	0	303
9	385	50.8	0	71 314
10	413	12.7	1	6 407
11	183	3.2	1	0 183
12	30	0.8	1	0 30
13	7	0.2	1	0 7
14	2	0.0	1	0 2
15	2	0.0	1	0 2

RUN STATISTICS FOR INPUT FILE: ../0-fastq/24h_L_S9_L003_R1_001.fastq.gz
=============================================
13327803 sequences processed in total
Sequences removed because they became shorter than the length cutoff of 20 bp:	283595 (2.1%)

Writing report to '/blazer/nv/jh3/2-trim/24h_L_S9_L004_R1_001.fastq.gz_trimming_report.txt'

SUMMARISING RUN PARAMETERS
==========================
Input filename: ../0-fastq/24h_L_S9_L004_R1_001.fastq.gz
Trimming mode: single-end
Trim Galore version: 0.6.10
Cutadapt version: 4.4
Python version: could not detect
Number of cores used for trimming: 2
Quality Phred score cutoff: 30
Quality encoding type selected: ASCII+33
Adapter sequence: 'AGATGTGTATAAGAGACAG' (user defined)
Maximum trimming error rate: 0.1 (default)
Minimum required adapter overlap (stringency): 1 bp
Minimum required sequence length before a sequence gets removed: 20 bp
Output file(s) will be GZIP compressed

Cutadapt seems to be fairly up-to-date (version 4.4). Setting -j -j 2
Writing final adapter and quality trimmed output to 24h_L_S9_L004_R1_001_trimmed.fq.gz


  >>> Now performing quality (cutoff '-q 30') and adapter trimming in a single pass for the adapter sequence: 'AGATGTGTATAAGAGACAG' from file ../0-fastq/24h_L_S9_L004_R1_001.fastq.gz <<< 
10000000 sequences processed
This is cutadapt 4.4 with Python 3.10.12
Command line parameters: -j 2 -e 0.1 -q 30 -O 1 -a AGATGTGTATAAGAGACAG ../0-fastq/24h_L_S9_L004_R1_001.fastq.gz
Processing single-end reads on 2 cores ...
Finished in 101.379 s (7.557 µs/read; 7.94 M reads/minute).

=== Summary ===

Total reads processed:              13,414,576
Reads with adapters:                 4,107,816 (30.6%)
Reads written (passing filters):    13,414,576 (100.0%)

Total basepairs processed: 1,006,093,200 bp
Quality-trimmed:              39,393,449 bp (3.9%)
Total written (filtered):    960,990,871 bp (95.5%)

=== Adapter 1 ===

Sequence: AGATGTGTATAAGAGACAG; Type: regular 3'; Length: 19; Trimmed: 4107816 times

Minimum overlap: 1
No. of allowed errors:
1-9 bp: 0; 10-19 bp: 1

Bases preceding removed adapters:
  A: 32.5%
  C: 31.2%
  G: 18.4%
  T: 17.5%
  none/other: 0.5%

Overview of removed sequences
length	count	expect	max.err	error counts
1	2923336	3353644.0	0	2923336
2	883928	838411.0	0	883928
3	219869	209602.8	0	219869
4	57208	52400.7	0	57208
5	17168	13100.2	0	17168
6	4020	3275.0	0	4020
7	949	818.8	0	949
8	301	204.7	0	301
9	416	51.2	0	67 349
10	410	12.8	1	9 401
11	162	3.2	1	1 161
12	38	0.8	1	1 37
13	3	0.2	1	0 3
14	5	0.0	1	0 5
15	1	0.0	1	0 1
16	2	0.0	1	0 2

RUN STATISTICS FOR INPUT FILE: ../0-fastq/24h_L_S9_L004_R1_001.fastq.gz
=============================================
13414576 sequences processed in total
Sequences removed because they became shorter than the length cutoff of 20 bp:	287370 (2.1%)

