Path to Cutadapt set as: '/home/lexic/.conda/envs/pre/bin/cutadapt' (user defined)
Cutadapt seems to be working fine (tested command '/home/lexic/.conda/envs/pre/bin/cutadapt --version')
Cutadapt version: 4.4
Could not detect version of Python used by Cutadapt from the first line of Cutadapt (but found this: >>>#!/bin/sh<<<)
Letting the (modified) Cutadapt deal with the Python version instead
pigz 2.8
Parallel gzip (pigz) detected. Proceeding with multicore (de)compression using 2 cores

Proceeding with 'pigz -p 2' for decompression
To decrease CPU usage of decompression, please install 'igzip' and run again

No quality encoding type selected. Assuming that the data provided uses Sanger encoded Phred scores (default)

Output will be written into the directory: /blazer/nv/jh3/2-trim/
Writing report to '/blazer/nv/jh3/2-trim/FaDu_C_S1.fastq.gz_trimming_report.txt'

SUMMARISING RUN PARAMETERS
==========================
Input filename: ../0-fastq/FaDu_C_S1.fastq.gz
Trimming mode: single-end
Trim Galore version: 0.6.10
Cutadapt version: 4.4
Python version: could not detect
Number of cores used for trimming: 2
Quality Phred score cutoff: 30
Quality encoding type selected: ASCII+33
Adapter sequence: 'AGATGTGTATAAGAGACAG' (user defined)
Maximum trimming error rate: 0.1 (default)
Minimum required adapter overlap (stringency): 1 bp
Minimum required sequence length before a sequence gets removed: 20 bp
Output file(s) will be GZIP compressed

Cutadapt seems to be fairly up-to-date (version 4.4). Setting -j 2
Writing final adapter and quality trimmed output to FaDu_C_S1_trimmed.fq.gz


  >>> Now performing quality (cutoff '-q 30') and adapter trimming in a single pass for the adapter sequence: 'AGATGTGTATAAGAGACAG' from file ../0-fastq/FaDu_C_S1.fastq.gz <<< 
This is cutadapt 4.4 with Python 3.10.12
Command line parameters: -j 2 -e 0.1 -q 30 -O 1 -a AGATGTGTATAAGAGACAG ../0-fastq/FaDu_C_S1.fastq.gz
Processing single-end reads on 2 cores ...
Finished in 55.158 s (11.021 µs/read; 5.44 M reads/minute).

=== Summary ===

Total reads processed:               5,004,546
Reads with adapters:                   653,928 (13.1%)
Reads written (passing filters):     5,004,546 (100.0%)

Total basepairs processed:   377,886,904 bp
Quality-trimmed:               5,792,262 bp (1.5%)
Total written (filtered):    371,208,148 bp (98.2%)

=== Adapter 1 ===

Sequence: AGATGTGTATAAGAGACAG; Type: regular 3'; Length: 19; Trimmed: 653928 times

Minimum overlap: 1
No. of allowed errors:
1-9 bp: 0; 10-19 bp: 1

Bases preceding removed adapters:
  A: 35.5%
  C: 26.3%
  G: 19.7%
  T: 18.4%
  none/other: 0.1%

Overview of removed sequences
length	count	expect	max.err	error counts
1	521809	1251136.5	0	521809
2	68670	312784.1	0	68670
3	44559	78196.0	0	44559
4	6710	19549.0	0	6710
5	8988	4887.3	0	8988
6	1932	1221.8	0	1932
7	680	305.5	0	680
8	113	76.4	0	113
9	162	19.1	0	8 154
10	208	4.8	1	11 197
11	76	1.2	1	0 76
12	15	0.3	1	0 15
13	6	0.1	1	0 6

RUN STATISTICS FOR INPUT FILE: ../0-fastq/FaDu_C_S1.fastq.gz
=============================================
5004546 sequences processed in total
Sequences removed because they became shorter than the length cutoff of 20 bp:	37429 (0.7%)

