Path to Cutadapt set as: '/home/lexic/.conda/envs/pre/bin/cutadapt' (user defined)
Cutadapt seems to be working fine (tested command '/home/lexic/.conda/envs/pre/bin/cutadapt --version')
Cutadapt version: 4.4
Could not detect version of Python used by Cutadapt from the first line of Cutadapt (but found this: >>>#!/bin/sh<<<)
Letting the (modified) Cutadapt deal with the Python version instead
pigz 2.8
Parallel gzip (pigz) detected. Proceeding with multicore (de)compression using 2 cores

Proceeding with 'pigz -p 2' for decompression
To decrease CPU usage of decompression, please install 'igzip' and run again

No quality encoding type selected. Assuming that the data provided uses Sanger encoded Phred scores (default)

Output will be written into the directory: /blazer/nv/jh3/2-trim/
Writing report to '/blazer/nv/jh3/2-trim/FaDu_D_S1.fastq.gz_trimming_report.txt'

SUMMARISING RUN PARAMETERS
==========================
Input filename: ../0-fastq/FaDu_D_S1.fastq.gz
Trimming mode: single-end
Trim Galore version: 0.6.10
Cutadapt version: 4.4
Python version: could not detect
Number of cores used for trimming: 2
Quality Phred score cutoff: 30
Quality encoding type selected: ASCII+33
Adapter sequence: 'AGATGTGTATAAGAGACAG' (user defined)
Maximum trimming error rate: 0.1 (default)
Minimum required adapter overlap (stringency): 1 bp
Minimum required sequence length before a sequence gets removed: 20 bp
Output file(s) will be GZIP compressed

Cutadapt seems to be fairly up-to-date (version 4.4). Setting -j 2
Writing final adapter and quality trimmed output to FaDu_D_S1_trimmed.fq.gz


  >>> Now performing quality (cutoff '-q 30') and adapter trimming in a single pass for the adapter sequence: 'AGATGTGTATAAGAGACAG' from file ../0-fastq/FaDu_D_S1.fastq.gz <<< 
This is cutadapt 4.4 with Python 3.10.12
Command line parameters: -j 2 -e 0.1 -q 30 -O 1 -a AGATGTGTATAAGAGACAG ../0-fastq/FaDu_D_S1.fastq.gz
Processing single-end reads on 2 cores ...
Finished in 60.528 s (10.838 µs/read; 5.54 M reads/minute).

=== Summary ===

Total reads processed:               5,584,959
Reads with adapters:                   722,571 (12.9%)
Reads written (passing filters):     5,584,959 (100.0%)

Total basepairs processed:   421,748,759 bp
Quality-trimmed:               5,707,392 bp (1.4%)
Total written (filtered):    415,064,633 bp (98.4%)

=== Adapter 1 ===

Sequence: AGATGTGTATAAGAGACAG; Type: regular 3'; Length: 19; Trimmed: 722571 times

Minimum overlap: 1
No. of allowed errors:
1-9 bp: 0; 10-19 bp: 1

Bases preceding removed adapters:
  A: 35.7%
  C: 26.0%
  G: 19.7%
  T: 18.5%
  none/other: 0.1%

Overview of removed sequences
length	count	expect	max.err	error counts
1	579779	1396239.8	0	579779
2	72023	349059.9	0	72023
3	50083	87265.0	0	50083
4	7345	21816.2	0	7345
5	9831	5454.1	0	9831
6	2015	1363.5	0	2015
7	872	340.9	0	872
8	113	85.2	0	113
9	200	21.3	0	7 193
10	207	5.3	1	10 197
11	85	1.3	1	0 85
12	15	0.3	1	0 15
13	2	0.1	1	0 2
16	1	0.0	1	0 1

RUN STATISTICS FOR INPUT FILE: ../0-fastq/FaDu_D_S1.fastq.gz
=============================================
5584959 sequences processed in total
Sequences removed because they became shorter than the length cutoff of 20 bp:	35949 (0.6%)

