Path to Cutadapt set as: '/home/lexic/.conda/envs/pre/bin/cutadapt' (user defined)
Cutadapt seems to be working fine (tested command '/home/lexic/.conda/envs/pre/bin/cutadapt --version')
Cutadapt version: 4.4
Could not detect version of Python used by Cutadapt from the first line of Cutadapt (but found this: >>>#!/bin/sh<<<)
Letting the (modified) Cutadapt deal with the Python version instead
pigz 2.8
Parallel gzip (pigz) detected. Proceeding with multicore (de)compression using 2 cores

Proceeding with 'pigz -p 2' for decompression
To decrease CPU usage of decompression, please install 'igzip' and run again

No quality encoding type selected. Assuming that the data provided uses Sanger encoded Phred scores (default)

Output will be written into the directory: /blazer/nv/jh3/2-trim/
Writing report to '/blazer/nv/jh3/2-trim/HCT-116_F_S1.fastq.gz_trimming_report.txt'

SUMMARISING RUN PARAMETERS
==========================
Input filename: ../0-fastq/HCT-116_F_S1.fastq.gz
Trimming mode: single-end
Trim Galore version: 0.6.10
Cutadapt version: 4.4
Python version: could not detect
Number of cores used for trimming: 2
Quality Phred score cutoff: 30
Quality encoding type selected: ASCII+33
Adapter sequence: 'AGATGTGTATAAGAGACAG' (user defined)
Maximum trimming error rate: 0.1 (default)
Minimum required adapter overlap (stringency): 1 bp
Minimum required sequence length before a sequence gets removed: 20 bp
Output file(s) will be GZIP compressed

Cutadapt seems to be fairly up-to-date (version 4.4). Setting -j 2
Writing final adapter and quality trimmed output to HCT-116_F_S1_trimmed.fq.gz


  >>> Now performing quality (cutoff '-q 30') and adapter trimming in a single pass for the adapter sequence: 'AGATGTGTATAAGAGACAG' from file ../0-fastq/HCT-116_F_S1.fastq.gz <<< 
This is cutadapt 4.4 with Python 3.10.12
Command line parameters: -j 2 -e 0.1 -q 30 -O 1 -a AGATGTGTATAAGAGACAG ../0-fastq/HCT-116_F_S1.fastq.gz
Processing single-end reads on 2 cores ...
Finished in 59.930 s (10.756 µs/read; 5.58 M reads/minute).

=== Summary ===

Total reads processed:               5,571,991
Reads with adapters:                   707,841 (12.7%)
Reads written (passing filters):     5,571,991 (100.0%)

Total basepairs processed:   420,698,806 bp
Quality-trimmed:               5,094,575 bp (1.2%)
Total written (filtered):    414,642,497 bp (98.6%)

=== Adapter 1 ===

Sequence: AGATGTGTATAAGAGACAG; Type: regular 3'; Length: 19; Trimmed: 707841 times

Minimum overlap: 1
No. of allowed errors:
1-9 bp: 0; 10-19 bp: 1

Bases preceding removed adapters:
  A: 34.5%
  C: 25.8%
  G: 20.5%
  T: 19.1%
  none/other: 0.1%

Overview of removed sequences
length	count	expect	max.err	error counts
1	564557	1392997.8	0	564557
2	73193	348249.4	0	73193
3	49332	87062.4	0	49332
4	7207	21765.6	0	7207
5	10107	5441.4	0	10107
6	2117	1360.3	0	2117
7	773	340.1	0	773
8	99	85.0	0	99
9	149	21.3	0	7 142
10	216	5.3	1	10 206
11	72	1.3	1	0 72
12	13	0.3	1	0 13
13	6	0.1	1	0 6

RUN STATISTICS FOR INPUT FILE: ../0-fastq/HCT-116_F_S1.fastq.gz
=============================================
5571991 sequences processed in total
Sequences removed because they became shorter than the length cutoff of 20 bp:	32547 (0.6%)

