Path to Cutadapt set as: '/home/lexic/.conda/envs/pre/bin/cutadapt' (user defined)
Cutadapt seems to be working fine (tested command '/home/lexic/.conda/envs/pre/bin/cutadapt --version')
Cutadapt version: 4.4
Could not detect version of Python used by Cutadapt from the first line of Cutadapt (but found this: >>>#!/bin/sh<<<)
Letting the (modified) Cutadapt deal with the Python version instead
pigz 2.8
Parallel gzip (pigz) detected. Proceeding with multicore (de)compression using 2 cores

Proceeding with 'pigz -p 2' for decompression
To decrease CPU usage of decompression, please install 'igzip' and run again

No quality encoding type selected. Assuming that the data provided uses Sanger encoded Phred scores (default)

Output will be written into the directory: /blazer/nv/jh3/2-trim/
Writing report to '/blazer/nv/jh3/2-trim/HCT-116_B_S2.fastq.gz_trimming_report.txt'

SUMMARISING RUN PARAMETERS
==========================
Input filename: ../0-fastq/HCT-116_B_S2.fastq.gz
Trimming mode: single-end
Trim Galore version: 0.6.10
Cutadapt version: 4.4
Python version: could not detect
Number of cores used for trimming: 2
Quality Phred score cutoff: 30
Quality encoding type selected: ASCII+33
Adapter sequence: 'AGATGTGTATAAGAGACAG' (user defined)
Maximum trimming error rate: 0.1 (default)
Minimum required adapter overlap (stringency): 1 bp
Minimum required sequence length before a sequence gets removed: 20 bp
Output file(s) will be GZIP compressed

Cutadapt seems to be fairly up-to-date (version 4.4). Setting -j 2
Writing final adapter and quality trimmed output to HCT-116_B_S2_trimmed.fq.gz


  >>> Now performing quality (cutoff '-q 30') and adapter trimming in a single pass for the adapter sequence: 'AGATGTGTATAAGAGACAG' from file ../0-fastq/HCT-116_B_S2.fastq.gz <<< 
This is cutadapt 4.4 with Python 3.10.12
Command line parameters: -j 2 -e 0.1 -q 30 -O 1 -a AGATGTGTATAAGAGACAG ../0-fastq/HCT-116_B_S2.fastq.gz
Processing single-end reads on 2 cores ...
Finished in 56.471 s (10.879 µs/read; 5.52 M reads/minute).

=== Summary ===

Total reads processed:               5,190,721
Reads with adapters:                   677,490 (13.1%)
Reads written (passing filters):     5,190,721 (100.0%)

Total basepairs processed:   391,971,888 bp
Quality-trimmed:               5,208,081 bp (1.3%)
Total written (filtered):    385,848,756 bp (98.4%)

=== Adapter 1 ===

Sequence: AGATGTGTATAAGAGACAG; Type: regular 3'; Length: 19; Trimmed: 677490 times

Minimum overlap: 1
No. of allowed errors:
1-9 bp: 0; 10-19 bp: 1

Bases preceding removed adapters:
  A: 35.6%
  C: 25.9%
  G: 19.3%
  T: 19.0%
  none/other: 0.1%

Overview of removed sequences
length	count	expect	max.err	error counts
1	544054	1297680.2	0	544054
2	67525	324420.1	0	67525
3	46336	81105.0	0	46336
4	6848	20276.3	0	6848
5	9655	5069.1	0	9655
6	1886	1267.3	0	1886
7	608	316.8	0	608
8	119	79.2	0	119
9	161	19.8	0	5 156
10	209	5.0	1	7 202
11	81	1.2	1	0 81
12	4	0.3	1	0 4
65	1	0.0	1	1
67	2	0.0	1	2
71	1	0.0	1	1

RUN STATISTICS FOR INPUT FILE: ../0-fastq/HCT-116_B_S2.fastq.gz
=============================================
5190721 sequences processed in total
Sequences removed because they became shorter than the length cutoff of 20 bp:	33932 (0.7%)

