Path to Cutadapt set as: '/home/lexic/.conda/envs/pre/bin/cutadapt' (user defined)
Cutadapt seems to be working fine (tested command '/home/lexic/.conda/envs/pre/bin/cutadapt --version')
Cutadapt version: 4.4
Could not detect version of Python used by Cutadapt from the first line of Cutadapt (but found this: >>>#!/bin/sh<<<)
Letting the (modified) Cutadapt deal with the Python version instead
pigz 2.8
Parallel gzip (pigz) detected. Proceeding with multicore (de)compression using 2 cores

Proceeding with 'pigz -p 2' for decompression
To decrease CPU usage of decompression, please install 'igzip' and run again

No quality encoding type selected. Assuming that the data provided uses Sanger encoded Phred scores (default)

Output will be written into the directory: /blazer/nv/jh3/2-trim/
Writing report to '/blazer/nv/jh3/2-trim/HCT-116_F_S4.fastq.gz_trimming_report.txt'

SUMMARISING RUN PARAMETERS
==========================
Input filename: ../0-fastq/HCT-116_F_S4.fastq.gz
Trimming mode: single-end
Trim Galore version: 0.6.10
Cutadapt version: 4.4
Python version: could not detect
Number of cores used for trimming: 2
Quality Phred score cutoff: 30
Quality encoding type selected: ASCII+33
Adapter sequence: 'AGATGTGTATAAGAGACAG' (user defined)
Maximum trimming error rate: 0.1 (default)
Minimum required adapter overlap (stringency): 1 bp
Minimum required sequence length before a sequence gets removed: 20 bp
Output file(s) will be GZIP compressed

Cutadapt seems to be fairly up-to-date (version 4.4). Setting -j 2
Writing final adapter and quality trimmed output to HCT-116_F_S4_trimmed.fq.gz


  >>> Now performing quality (cutoff '-q 30') and adapter trimming in a single pass for the adapter sequence: 'AGATGTGTATAAGAGACAG' from file ../0-fastq/HCT-116_F_S4.fastq.gz <<< 
This is cutadapt 4.4 with Python 3.10.12
Command line parameters: -j 2 -e 0.1 -q 30 -O 1 -a AGATGTGTATAAGAGACAG ../0-fastq/HCT-116_F_S4.fastq.gz
Processing single-end reads on 2 cores ...
Finished in 60.761 s (10.770 µs/read; 5.57 M reads/minute).

=== Summary ===

Total reads processed:               5,641,680
Reads with adapters:                   715,353 (12.7%)
Reads written (passing filters):     5,641,680 (100.0%)

Total basepairs processed:   425,965,433 bp
Quality-trimmed:               5,090,700 bp (1.2%)
Total written (filtered):    419,903,345 bp (98.6%)

=== Adapter 1 ===

Sequence: AGATGTGTATAAGAGACAG; Type: regular 3'; Length: 19; Trimmed: 715353 times

Minimum overlap: 1
No. of allowed errors:
1-9 bp: 0; 10-19 bp: 1

Bases preceding removed adapters:
  A: 34.4%
  C: 25.9%
  G: 20.5%
  T: 19.1%
  none/other: 0.1%

Overview of removed sequences
length	count	expect	max.err	error counts
1	570754	1410420.0	0	570754
2	73871	352605.0	0	73871
3	49855	88151.2	0	49855
4	7515	22037.8	0	7515
5	9887	5509.5	0	9887
6	2050	1377.4	0	2050
7	785	344.3	0	785
8	118	86.1	0	118
9	188	21.5	0	1 187
10	242	5.4	1	6 236
11	78	1.3	1	0 78
12	9	0.3	1	0 9
15	1	0.0	1	0 1

RUN STATISTICS FOR INPUT FILE: ../0-fastq/HCT-116_F_S4.fastq.gz
=============================================
5641680 sequences processed in total
Sequences removed because they became shorter than the length cutoff of 20 bp:	31194 (0.6%)

