Path to Cutadapt set as: '/home/lexic/.conda/envs/pre/bin/cutadapt' (user defined)
Cutadapt seems to be working fine (tested command '/home/lexic/.conda/envs/pre/bin/cutadapt --version')
Cutadapt version: 4.4
Could not detect version of Python used by Cutadapt from the first line of Cutadapt (but found this: >>>#!/bin/sh<<<)
Letting the (modified) Cutadapt deal with the Python version instead
pigz 2.8
Parallel gzip (pigz) detected. Proceeding with multicore (de)compression using 2 cores

Proceeding with 'pigz -p 2' for decompression
To decrease CPU usage of decompression, please install 'igzip' and run again

No quality encoding type selected. Assuming that the data provided uses Sanger encoded Phred scores (default)

Output will be written into the directory: /blazer/nv/jh3/2-trim/
Writing report to '/blazer/nv/jh3/2-trim/HCT-116_E_S1.fastq.gz_trimming_report.txt'

SUMMARISING RUN PARAMETERS
==========================
Input filename: ../0-fastq/HCT-116_E_S1.fastq.gz
Trimming mode: single-end
Trim Galore version: 0.6.10
Cutadapt version: 4.4
Python version: could not detect
Number of cores used for trimming: 2
Quality Phred score cutoff: 30
Quality encoding type selected: ASCII+33
Adapter sequence: 'AGATGTGTATAAGAGACAG' (user defined)
Maximum trimming error rate: 0.1 (default)
Minimum required adapter overlap (stringency): 1 bp
Minimum required sequence length before a sequence gets removed: 20 bp
Output file(s) will be GZIP compressed

Cutadapt seems to be fairly up-to-date (version 4.4). Setting -j 2
Writing final adapter and quality trimmed output to HCT-116_E_S1_trimmed.fq.gz


  >>> Now performing quality (cutoff '-q 30') and adapter trimming in a single pass for the adapter sequence: 'AGATGTGTATAAGAGACAG' from file ../0-fastq/HCT-116_E_S1.fastq.gz <<< 
This is cutadapt 4.4 with Python 3.10.12
Command line parameters: -j 2 -e 0.1 -q 30 -O 1 -a AGATGTGTATAAGAGACAG ../0-fastq/HCT-116_E_S1.fastq.gz
Processing single-end reads on 2 cores ...
Finished in 49.784 s (10.882 µs/read; 5.51 M reads/minute).

=== Summary ===

Total reads processed:               4,575,025
Reads with adapters:                   593,035 (13.0%)
Reads written (passing filters):     4,575,025 (100.0%)

Total basepairs processed:   345,411,009 bp
Quality-trimmed:               4,780,106 bp (1.4%)
Total written (filtered):    339,826,008 bp (98.4%)

=== Adapter 1 ===

Sequence: AGATGTGTATAAGAGACAG; Type: regular 3'; Length: 19; Trimmed: 593035 times

Minimum overlap: 1
No. of allowed errors:
1-9 bp: 0; 10-19 bp: 1

Bases preceding removed adapters:
  A: 34.6%
  C: 25.8%
  G: 20.3%
  T: 19.1%
  none/other: 0.1%

Overview of removed sequences
length	count	expect	max.err	error counts
1	472447	1143756.2	0	472447
2	62346	285939.1	0	62346
3	41089	71484.8	0	41089
4	6315	17871.2	0	6315
5	8100	4467.8	0	8100
6	1636	1116.9	0	1636
7	636	279.2	0	636
8	92	69.8	0	92
9	108	17.5	0	3 105
10	185	4.4	1	10 175
11	73	1.1	1	1 72
12	5	0.3	1	0 5
13	2	0.1	1	0 2
14	1	0.0	1	0 1

RUN STATISTICS FOR INPUT FILE: ../0-fastq/HCT-116_E_S1.fastq.gz
=============================================
4575025 sequences processed in total
Sequences removed because they became shorter than the length cutoff of 20 bp:	31787 (0.7%)

