Path to Cutadapt set as: '/home/lexic/.conda/envs/pre/bin/cutadapt' (user defined)
Cutadapt seems to be working fine (tested command '/home/lexic/.conda/envs/pre/bin/cutadapt --version')
Cutadapt version: 4.4
Could not detect version of Python used by Cutadapt from the first line of Cutadapt (but found this: >>>#!/bin/sh<<<)
Letting the (modified) Cutadapt deal with the Python version instead
pigz 2.8
Parallel gzip (pigz) detected. Proceeding with multicore (de)compression using 2 cores

Proceeding with 'pigz -p 2' for decompression
To decrease CPU usage of decompression, please install 'igzip' and run again

No quality encoding type selected. Assuming that the data provided uses Sanger encoded Phred scores (default)

Output will be written into the directory: /blazer/nv/jh3/2-trim/
Writing report to '/blazer/nv/jh3/2-trim/HCT-116_B_S3.fastq.gz_trimming_report.txt'

SUMMARISING RUN PARAMETERS
==========================
Input filename: ../0-fastq/HCT-116_B_S3.fastq.gz
Trimming mode: single-end
Trim Galore version: 0.6.10
Cutadapt version: 4.4
Python version: could not detect
Number of cores used for trimming: 2
Quality Phred score cutoff: 30
Quality encoding type selected: ASCII+33
Adapter sequence: 'AGATGTGTATAAGAGACAG' (user defined)
Maximum trimming error rate: 0.1 (default)
Minimum required adapter overlap (stringency): 1 bp
Minimum required sequence length before a sequence gets removed: 20 bp
Output file(s) will be GZIP compressed

Cutadapt seems to be fairly up-to-date (version 4.4). Setting -j 2
Writing final adapter and quality trimmed output to HCT-116_B_S3_trimmed.fq.gz


  >>> Now performing quality (cutoff '-q 30') and adapter trimming in a single pass for the adapter sequence: 'AGATGTGTATAAGAGACAG' from file ../0-fastq/HCT-116_B_S3.fastq.gz <<< 
This is cutadapt 4.4 with Python 3.10.12
Command line parameters: -j 2 -e 0.1 -q 30 -O 1 -a AGATGTGTATAAGAGACAG ../0-fastq/HCT-116_B_S3.fastq.gz
Processing single-end reads on 2 cores ...
Finished in 57.980 s (10.822 µs/read; 5.54 M reads/minute).

=== Summary ===

Total reads processed:               5,357,809
Reads with adapters:                   696,437 (13.0%)
Reads written (passing filters):     5,357,809 (100.0%)

Total basepairs processed:   404,591,848 bp
Quality-trimmed:               5,094,069 bp (1.3%)
Total written (filtered):    398,556,119 bp (98.5%)

=== Adapter 1 ===

Sequence: AGATGTGTATAAGAGACAG; Type: regular 3'; Length: 19; Trimmed: 696437 times

Minimum overlap: 1
No. of allowed errors:
1-9 bp: 0; 10-19 bp: 1

Bases preceding removed adapters:
  A: 35.7%
  C: 25.9%
  G: 19.3%
  T: 19.0%
  none/other: 0.1%

Overview of removed sequences
length	count	expect	max.err	error counts
1	558901	1339452.2	0	558901
2	69243	334863.1	0	69243
3	47951	83715.8	0	47951
4	7058	20928.9	0	7058
5	10170	5232.2	0	10170
6	1879	1308.1	0	1879
7	651	327.0	0	651
8	126	81.8	0	126
9	173	20.4	0	8 165
10	202	5.1	1	8 194
11	75	1.3	1	0 75
12	7	0.3	1	1 6
13	1	0.1	1	0 1

RUN STATISTICS FOR INPUT FILE: ../0-fastq/HCT-116_B_S3.fastq.gz
=============================================
5357809 sequences processed in total
Sequences removed because they became shorter than the length cutoff of 20 bp:	31670 (0.6%)

