Path to Cutadapt set as: '/home/lexic/.conda/envs/pre/bin/cutadapt' (user defined)
Cutadapt seems to be working fine (tested command '/home/lexic/.conda/envs/pre/bin/cutadapt --version')
Cutadapt version: 4.4
Could not detect version of Python used by Cutadapt from the first line of Cutadapt (but found this: >>>#!/bin/sh<<<)
Letting the (modified) Cutadapt deal with the Python version instead
pigz 2.8
Parallel gzip (pigz) detected. Proceeding with multicore (de)compression using 2 cores

Proceeding with 'pigz -p 2' for decompression
To decrease CPU usage of decompression, please install 'igzip' and run again

No quality encoding type selected. Assuming that the data provided uses Sanger encoded Phred scores (default)

Output will be written into the directory: /blazer/nv/jh3/2-trim/
Writing report to '/blazer/nv/jh3/2-trim/HCT-116_C_S4.fastq.gz_trimming_report.txt'

SUMMARISING RUN PARAMETERS
==========================
Input filename: ../0-fastq/HCT-116_C_S4.fastq.gz
Trimming mode: single-end
Trim Galore version: 0.6.10
Cutadapt version: 4.4
Python version: could not detect
Number of cores used for trimming: 2
Quality Phred score cutoff: 30
Quality encoding type selected: ASCII+33
Adapter sequence: 'AGATGTGTATAAGAGACAG' (user defined)
Maximum trimming error rate: 0.1 (default)
Minimum required adapter overlap (stringency): 1 bp
Minimum required sequence length before a sequence gets removed: 20 bp
Output file(s) will be GZIP compressed

Cutadapt seems to be fairly up-to-date (version 4.4). Setting -j 2
Writing final adapter and quality trimmed output to HCT-116_C_S4_trimmed.fq.gz


  >>> Now performing quality (cutoff '-q 30') and adapter trimming in a single pass for the adapter sequence: 'AGATGTGTATAAGAGACAG' from file ../0-fastq/HCT-116_C_S4.fastq.gz <<< 
This is cutadapt 4.4 with Python 3.10.12
Command line parameters: -j 2 -e 0.1 -q 30 -O 1 -a AGATGTGTATAAGAGACAG ../0-fastq/HCT-116_C_S4.fastq.gz
Processing single-end reads on 2 cores ...
Finished in 55.709 s (10.918 µs/read; 5.50 M reads/minute).

=== Summary ===

Total reads processed:               5,102,728
Reads with adapters:                   644,209 (12.6%)
Reads written (passing filters):     5,102,728 (100.0%)

Total basepairs processed:   385,244,613 bp
Quality-trimmed:               4,689,337 bp (1.2%)
Total written (filtered):    379,680,005 bp (98.6%)

=== Adapter 1 ===

Sequence: AGATGTGTATAAGAGACAG; Type: regular 3'; Length: 19; Trimmed: 644209 times

Minimum overlap: 1
No. of allowed errors:
1-9 bp: 0; 10-19 bp: 1

Bases preceding removed adapters:
  A: 34.8%
  C: 26.5%
  G: 19.9%
  T: 18.7%
  none/other: 0.1%

Overview of removed sequences
length	count	expect	max.err	error counts
1	513804	1275682.0	0	513804
2	66892	318920.5	0	66892
3	44609	79730.1	0	44609
4	6472	19932.5	0	6472
5	9339	4983.1	0	9339
6	1895	1245.8	0	1895
7	625	311.4	0	625
8	122	77.9	0	122
9	151	19.5	0	8 143
10	201	4.9	1	7 194
11	82	1.2	1	0 82
12	8	0.3	1	1 7
13	7	0.1	1	0 7
23	1	0.0	1	1
71	1	0.0	1	1

RUN STATISTICS FOR INPUT FILE: ../0-fastq/HCT-116_C_S4.fastq.gz
=============================================
5102728 sequences processed in total
Sequences removed because they became shorter than the length cutoff of 20 bp:	28929 (0.6%)

