Path to Cutadapt set as: '/home/lexic/.conda/envs/pre/bin/cutadapt' (user defined)
Cutadapt seems to be working fine (tested command '/home/lexic/.conda/envs/pre/bin/cutadapt --version')
Cutadapt version: 4.4
Could not detect version of Python used by Cutadapt from the first line of Cutadapt (but found this: >>>#!/bin/sh<<<)
Letting the (modified) Cutadapt deal with the Python version instead
pigz 2.8
Parallel gzip (pigz) detected. Proceeding with multicore (de)compression using 2 cores

Proceeding with 'pigz -p 2' for decompression
To decrease CPU usage of decompression, please install 'igzip' and run again

No quality encoding type selected. Assuming that the data provided uses Sanger encoded Phred scores (default)

Output will be written into the directory: /blazer/nv/jh3/2-trim/
Writing report to '/blazer/nv/jh3/2-trim/HCT-116_F_S2.fastq.gz_trimming_report.txt'

SUMMARISING RUN PARAMETERS
==========================
Input filename: ../0-fastq/HCT-116_F_S2.fastq.gz
Trimming mode: single-end
Trim Galore version: 0.6.10
Cutadapt version: 4.4
Python version: could not detect
Number of cores used for trimming: 2
Quality Phred score cutoff: 30
Quality encoding type selected: ASCII+33
Adapter sequence: 'AGATGTGTATAAGAGACAG' (user defined)
Maximum trimming error rate: 0.1 (default)
Minimum required adapter overlap (stringency): 1 bp
Minimum required sequence length before a sequence gets removed: 20 bp
Output file(s) will be GZIP compressed

Cutadapt seems to be fairly up-to-date (version 4.4). Setting -j 2
Writing final adapter and quality trimmed output to HCT-116_F_S2_trimmed.fq.gz


  >>> Now performing quality (cutoff '-q 30') and adapter trimming in a single pass for the adapter sequence: 'AGATGTGTATAAGAGACAG' from file ../0-fastq/HCT-116_F_S2.fastq.gz <<< 
This is cutadapt 4.4 with Python 3.10.12
Command line parameters: -j 2 -e 0.1 -q 30 -O 1 -a AGATGTGTATAAGAGACAG ../0-fastq/HCT-116_F_S2.fastq.gz
Processing single-end reads on 2 cores ...
Finished in 58.643 s (10.690 µs/read; 5.61 M reads/minute).

=== Summary ===

Total reads processed:               5,485,722
Reads with adapters:                   697,462 (12.7%)
Reads written (passing filters):     5,485,722 (100.0%)

Total basepairs processed:   414,186,351 bp
Quality-trimmed:               5,049,664 bp (1.2%)
Total written (filtered):    408,189,440 bp (98.6%)

=== Adapter 1 ===

Sequence: AGATGTGTATAAGAGACAG; Type: regular 3'; Length: 19; Trimmed: 697462 times

Minimum overlap: 1
No. of allowed errors:
1-9 bp: 0; 10-19 bp: 1

Bases preceding removed adapters:
  A: 34.5%
  C: 25.8%
  G: 20.5%
  T: 19.1%
  none/other: 0.1%

Overview of removed sequences
length	count	expect	max.err	error counts
1	556638	1371430.5	0	556638
2	71822	342857.6	0	71822
3	48588	85714.4	0	48588
4	7286	21428.6	0	7286
5	9754	5357.2	0	9754
6	1942	1339.3	0	1942
7	789	334.8	0	789
8	130	83.7	0	130
9	184	20.9	0	6 178
10	226	5.2	1	9 217
11	85	1.3	1	0 85
12	13	0.3	1	0 13
13	5	0.1	1	0 5

RUN STATISTICS FOR INPUT FILE: ../0-fastq/HCT-116_F_S2.fastq.gz
=============================================
5485722 sequences processed in total
Sequences removed because they became shorter than the length cutoff of 20 bp:	32236 (0.6%)

