Path to Cutadapt set as: '/home/lexic/.conda/envs/pre/bin/cutadapt' (user defined)
Cutadapt seems to be working fine (tested command '/home/lexic/.conda/envs/pre/bin/cutadapt --version')
Cutadapt version: 4.4
Could not detect version of Python used by Cutadapt from the first line of Cutadapt (but found this: >>>#!/bin/sh<<<)
Letting the (modified) Cutadapt deal with the Python version instead
pigz 2.8
Parallel gzip (pigz) detected. Proceeding with multicore (de)compression using 2 cores

Proceeding with 'pigz -p 2' for decompression
To decrease CPU usage of decompression, please install 'igzip' and run again

No quality encoding type selected. Assuming that the data provided uses Sanger encoded Phred scores (default)

Output will be written into the directory: /blazer/nv/jh3/2-trim/
Writing report to '/blazer/nv/jh3/2-trim/SiHa_A_S1.fastq.gz_trimming_report.txt'

SUMMARISING RUN PARAMETERS
==========================
Input filename: ../0-fastq/SiHa_A_S1.fastq.gz
Trimming mode: single-end
Trim Galore version: 0.6.10
Cutadapt version: 4.4
Python version: could not detect
Number of cores used for trimming: 2
Quality Phred score cutoff: 30
Quality encoding type selected: ASCII+33
Adapter sequence: 'AGATGTGTATAAGAGACAG' (user defined)
Maximum trimming error rate: 0.1 (default)
Minimum required adapter overlap (stringency): 1 bp
Minimum required sequence length before a sequence gets removed: 20 bp
Output file(s) will be GZIP compressed

Cutadapt seems to be fairly up-to-date (version 4.4). Setting -j 2
Writing final adapter and quality trimmed output to SiHa_A_S1_trimmed.fq.gz


  >>> Now performing quality (cutoff '-q 30') and adapter trimming in a single pass for the adapter sequence: 'AGATGTGTATAAGAGACAG' from file ../0-fastq/SiHa_A_S1.fastq.gz <<< 
This is cutadapt 4.4 with Python 3.10.12
Command line parameters: -j 2 -e 0.1 -q 30 -O 1 -a AGATGTGTATAAGAGACAG ../0-fastq/SiHa_A_S1.fastq.gz
Processing single-end reads on 2 cores ...
Finished in 58.386 s (10.987 µs/read; 5.46 M reads/minute).

=== Summary ===

Total reads processed:               5,314,089
Reads with adapters:                   706,557 (13.3%)
Reads written (passing filters):     5,314,089 (100.0%)

Total basepairs processed:   401,276,632 bp
Quality-trimmed:               5,912,968 bp (1.5%)
Total written (filtered):    394,413,207 bp (98.3%)

=== Adapter 1 ===

Sequence: AGATGTGTATAAGAGACAG; Type: regular 3'; Length: 19; Trimmed: 706557 times

Minimum overlap: 1
No. of allowed errors:
1-9 bp: 0; 10-19 bp: 1

Bases preceding removed adapters:
  A: 36.6%
  C: 26.4%
  G: 18.6%
  T: 18.3%
  none/other: 0.1%

Overview of removed sequences
length	count	expect	max.err	error counts
1	570231	1328522.2	0	570231
2	68144	332130.6	0	68144
3	48063	83032.6	0	48063
4	6899	20758.2	0	6899
5	10030	5189.5	0	10030
6	1886	1297.4	0	1886
7	660	324.3	0	660
8	148	81.1	0	148
9	186	20.3	0	10 176
10	216	5.1	1	7 209
11	80	1.3	1	1 79
12	13	0.3	1	0 13
13	1	0.1	1	0 1

RUN STATISTICS FOR INPUT FILE: ../0-fastq/SiHa_A_S1.fastq.gz
=============================================
5314089 sequences processed in total
Sequences removed because they became shorter than the length cutoff of 20 bp:	37918 (0.7%)

