Path to Cutadapt set as: '/home/lexic/.conda/envs/pre/bin/cutadapt' (user defined)
Cutadapt seems to be working fine (tested command '/home/lexic/.conda/envs/pre/bin/cutadapt --version')
Cutadapt version: 4.4
Could not detect version of Python used by Cutadapt from the first line of Cutadapt (but found this: >>>#!/bin/sh<<<)
Letting the (modified) Cutadapt deal with the Python version instead
pigz 2.8
Parallel gzip (pigz) detected. Proceeding with multicore (de)compression using 2 cores

Proceeding with 'pigz -p 2' for decompression
To decrease CPU usage of decompression, please install 'igzip' and run again

No quality encoding type selected. Assuming that the data provided uses Sanger encoded Phred scores (default)

Output will be written into the directory: /blazer/nv/jh3/2-trim/
Writing report to '/blazer/nv/jh3/2-trim/SiHa_C_S1.fastq.gz_trimming_report.txt'

SUMMARISING RUN PARAMETERS
==========================
Input filename: ../0-fastq/SiHa_C_S1.fastq.gz
Trimming mode: single-end
Trim Galore version: 0.6.10
Cutadapt version: 4.4
Python version: could not detect
Number of cores used for trimming: 2
Quality Phred score cutoff: 30
Quality encoding type selected: ASCII+33
Adapter sequence: 'AGATGTGTATAAGAGACAG' (user defined)
Maximum trimming error rate: 0.1 (default)
Minimum required adapter overlap (stringency): 1 bp
Minimum required sequence length before a sequence gets removed: 20 bp
Output file(s) will be GZIP compressed

Cutadapt seems to be fairly up-to-date (version 4.4). Setting -j 2
Writing final adapter and quality trimmed output to SiHa_C_S1_trimmed.fq.gz


  >>> Now performing quality (cutoff '-q 30') and adapter trimming in a single pass for the adapter sequence: 'AGATGTGTATAAGAGACAG' from file ../0-fastq/SiHa_C_S1.fastq.gz <<< 
This is cutadapt 4.4 with Python 3.10.12
Command line parameters: -j 2 -e 0.1 -q 30 -O 1 -a AGATGTGTATAAGAGACAG ../0-fastq/SiHa_C_S1.fastq.gz
Processing single-end reads on 2 cores ...
Finished in 61.093 s (10.803 µs/read; 5.55 M reads/minute).

=== Summary ===

Total reads processed:               5,655,317
Reads with adapters:                   724,002 (12.8%)
Reads written (passing filters):     5,655,317 (100.0%)

Total basepairs processed:   427,109,776 bp
Quality-trimmed:               6,051,710 bp (1.4%)
Total written (filtered):    420,080,047 bp (98.4%)

=== Adapter 1 ===

Sequence: AGATGTGTATAAGAGACAG; Type: regular 3'; Length: 19; Trimmed: 724002 times

Minimum overlap: 1
No. of allowed errors:
1-9 bp: 0; 10-19 bp: 1

Bases preceding removed adapters:
  A: 36.0%
  C: 27.1%
  G: 19.1%
  T: 17.7%
  none/other: 0.1%

Overview of removed sequences
length	count	expect	max.err	error counts
1	581789	1413829.2	0	581789
2	71882	353457.3	0	71882
3	49142	88364.3	0	49142
4	6946	22091.1	0	6946
5	10974	5522.8	0	10974
6	2037	1380.7	0	2037
7	621	345.2	0	621
8	137	86.3	0	137
9	148	21.6	0	8 140
10	217	5.4	1	11 206
11	94	1.3	1	0 94
12	10	0.3	1	0 10
13	5	0.1	1	0 5

RUN STATISTICS FOR INPUT FILE: ../0-fastq/SiHa_C_S1.fastq.gz
=============================================
5655317 sequences processed in total
Sequences removed because they became shorter than the length cutoff of 20 bp:	38928 (0.7%)

