Path to Cutadapt set as: '/home/lexic/.conda/envs/pre/bin/cutadapt' (user defined)
Cutadapt seems to be working fine (tested command '/home/lexic/.conda/envs/pre/bin/cutadapt --version')
Cutadapt version: 4.4
Could not detect version of Python used by Cutadapt from the first line of Cutadapt (but found this: >>>#!/bin/sh<<<)
Letting the (modified) Cutadapt deal with the Python version instead
pigz 2.8
Parallel gzip (pigz) detected. Proceeding with multicore (de)compression using 2 cores

Proceeding with 'pigz -p 2' for decompression
To decrease CPU usage of decompression, please install 'igzip' and run again

No quality encoding type selected. Assuming that the data provided uses Sanger encoded Phred scores (default)

Output will be written into the directory: /blazer/nv/jh3/2-trim/
Writing report to '/blazer/nv/jh3/2-trim/SiHa_B_S3.fastq.gz_trimming_report.txt'

SUMMARISING RUN PARAMETERS
==========================
Input filename: ../0-fastq/SiHa_B_S3.fastq.gz
Trimming mode: single-end
Trim Galore version: 0.6.10
Cutadapt version: 4.4
Python version: could not detect
Number of cores used for trimming: 2
Quality Phred score cutoff: 30
Quality encoding type selected: ASCII+33
Adapter sequence: 'AGATGTGTATAAGAGACAG' (user defined)
Maximum trimming error rate: 0.1 (default)
Minimum required adapter overlap (stringency): 1 bp
Minimum required sequence length before a sequence gets removed: 20 bp
Output file(s) will be GZIP compressed

Cutadapt seems to be fairly up-to-date (version 4.4). Setting -j 2
Writing final adapter and quality trimmed output to SiHa_B_S3_trimmed.fq.gz


  >>> Now performing quality (cutoff '-q 30') and adapter trimming in a single pass for the adapter sequence: 'AGATGTGTATAAGAGACAG' from file ../0-fastq/SiHa_B_S3.fastq.gz <<< 
This is cutadapt 4.4 with Python 3.10.12
Command line parameters: -j 2 -e 0.1 -q 30 -O 1 -a AGATGTGTATAAGAGACAG ../0-fastq/SiHa_B_S3.fastq.gz
Processing single-end reads on 2 cores ...
Finished in 52.682 s (10.611 µs/read; 5.65 M reads/minute).

=== Summary ===

Total reads processed:               4,965,047
Reads with adapters:                   628,277 (12.7%)
Reads written (passing filters):     4,965,047 (100.0%)

Total basepairs processed:   374,944,855 bp
Quality-trimmed:               4,873,498 bp (1.3%)
Total written (filtered):    369,218,950 bp (98.5%)

=== Adapter 1 ===

Sequence: AGATGTGTATAAGAGACAG; Type: regular 3'; Length: 19; Trimmed: 628277 times

Minimum overlap: 1
No. of allowed errors:
1-9 bp: 0; 10-19 bp: 1

Bases preceding removed adapters:
  A: 35.4%
  C: 27.0%
  G: 19.7%
  T: 17.9%
  none/other: 0.1%

Overview of removed sequences
length	count	expect	max.err	error counts
1	502098	1241261.8	0	502098
2	64469	310315.4	0	64469
3	43419	77578.9	0	43419
4	5948	19394.7	0	5948
5	9371	4848.7	0	9371
6	1759	1212.2	0	1759
7	640	303.0	0	640
8	122	75.8	0	122
9	174	18.9	0	6 168
10	172	4.7	1	5 167
11	90	1.2	1	0 90
12	14	0.3	1	0 14
13	1	0.1	1	0 1

RUN STATISTICS FOR INPUT FILE: ../0-fastq/SiHa_B_S3.fastq.gz
=============================================
4965047 sequences processed in total
Sequences removed because they became shorter than the length cutoff of 20 bp:	29272 (0.6%)

