Path to Cutadapt set as: '/home/lexic/.conda/envs/pre/bin/cutadapt' (user defined)
Cutadapt seems to be working fine (tested command '/home/lexic/.conda/envs/pre/bin/cutadapt --version')
Cutadapt version: 4.4
Could not detect version of Python used by Cutadapt from the first line of Cutadapt (but found this: >>>#!/bin/sh<<<)
Letting the (modified) Cutadapt deal with the Python version instead
pigz 2.8
Parallel gzip (pigz) detected. Proceeding with multicore (de)compression using 2 cores

Proceeding with 'pigz -p 2' for decompression
To decrease CPU usage of decompression, please install 'igzip' and run again

No quality encoding type selected. Assuming that the data provided uses Sanger encoded Phred scores (default)

Output will be written into the directory: /blazer/nv/jh3/2-trim/
Writing report to '/blazer/nv/jh3/2-trim/SiHa_A_S4.fastq.gz_trimming_report.txt'

SUMMARISING RUN PARAMETERS
==========================
Input filename: ../0-fastq/SiHa_A_S4.fastq.gz
Trimming mode: single-end
Trim Galore version: 0.6.10
Cutadapt version: 4.4
Python version: could not detect
Number of cores used for trimming: 2
Quality Phred score cutoff: 30
Quality encoding type selected: ASCII+33
Adapter sequence: 'AGATGTGTATAAGAGACAG' (user defined)
Maximum trimming error rate: 0.1 (default)
Minimum required adapter overlap (stringency): 1 bp
Minimum required sequence length before a sequence gets removed: 20 bp
Output file(s) will be GZIP compressed

Cutadapt seems to be fairly up-to-date (version 4.4). Setting -j 2
Writing final adapter and quality trimmed output to SiHa_A_S4_trimmed.fq.gz


  >>> Now performing quality (cutoff '-q 30') and adapter trimming in a single pass for the adapter sequence: 'AGATGTGTATAAGAGACAG' from file ../0-fastq/SiHa_A_S4.fastq.gz <<< 
This is cutadapt 4.4 with Python 3.10.12
Command line parameters: -j 2 -e 0.1 -q 30 -O 1 -a AGATGTGTATAAGAGACAG ../0-fastq/SiHa_A_S4.fastq.gz
Processing single-end reads on 2 cores ...
Finished in 56.821 s (10.586 µs/read; 5.67 M reads/minute).

=== Summary ===

Total reads processed:               5,367,768
Reads with adapters:                   711,439 (13.3%)
Reads written (passing filters):     5,367,768 (100.0%)

Total basepairs processed:   405,334,224 bp
Quality-trimmed:               5,838,574 bp (1.4%)
Total written (filtered):    398,538,940 bp (98.3%)

=== Adapter 1 ===

Sequence: AGATGTGTATAAGAGACAG; Type: regular 3'; Length: 19; Trimmed: 711439 times

Minimum overlap: 1
No. of allowed errors:
1-9 bp: 0; 10-19 bp: 1

Bases preceding removed adapters:
  A: 36.6%
  C: 26.3%
  G: 18.6%
  T: 18.3%
  none/other: 0.1%

Overview of removed sequences
length	count	expect	max.err	error counts
1	573651	1341942.0	0	573651
2	69329	335485.5	0	69329
3	48542	83871.4	0	48542
4	6788	20967.8	0	6788
5	9990	5242.0	0	9990
6	1856	1310.5	0	1856
7	650	327.6	0	650
8	135	81.9	0	135
9	201	20.5	0	4 197
10	207	5.1	1	11 196
11	71	1.3	1	1 70
12	15	0.3	1	0 15
13	3	0.1	1	0 3
28	1	0.0	1	0 1

RUN STATISTICS FOR INPUT FILE: ../0-fastq/SiHa_A_S4.fastq.gz
=============================================
5367768 sequences processed in total
Sequences removed because they became shorter than the length cutoff of 20 bp:	35957 (0.7%)

