Path to Cutadapt set as: '/home/lexic/.conda/envs/pre/bin/cutadapt' (user defined)
Cutadapt seems to be working fine (tested command '/home/lexic/.conda/envs/pre/bin/cutadapt --version')
Cutadapt version: 4.4
Could not detect version of Python used by Cutadapt from the first line of Cutadapt (but found this: >>>#!/bin/sh<<<)
Letting the (modified) Cutadapt deal with the Python version instead
pigz 2.8
Parallel gzip (pigz) detected. Proceeding with multicore (de)compression using 2 cores

Proceeding with 'pigz -p 2' for decompression
To decrease CPU usage of decompression, please install 'igzip' and run again

No quality encoding type selected. Assuming that the data provided uses Sanger encoded Phred scores (default)

Output will be written into the directory: /blazer/nv/jh3/2-trim/
Writing report to '/blazer/nv/jh3/2-trim/SiHa_D_S2.fastq.gz_trimming_report.txt'

SUMMARISING RUN PARAMETERS
==========================
Input filename: ../0-fastq/SiHa_D_S2.fastq.gz
Trimming mode: single-end
Trim Galore version: 0.6.10
Cutadapt version: 4.4
Python version: could not detect
Number of cores used for trimming: 2
Quality Phred score cutoff: 30
Quality encoding type selected: ASCII+33
Adapter sequence: 'AGATGTGTATAAGAGACAG' (user defined)
Maximum trimming error rate: 0.1 (default)
Minimum required adapter overlap (stringency): 1 bp
Minimum required sequence length before a sequence gets removed: 20 bp
Output file(s) will be GZIP compressed

Cutadapt seems to be fairly up-to-date (version 4.4). Setting -j 2
Writing final adapter and quality trimmed output to SiHa_D_S2_trimmed.fq.gz


  >>> Now performing quality (cutoff '-q 30') and adapter trimming in a single pass for the adapter sequence: 'AGATGTGTATAAGAGACAG' from file ../0-fastq/SiHa_D_S2.fastq.gz <<< 
This is cutadapt 4.4 with Python 3.10.12
Command line parameters: -j 2 -e 0.1 -q 30 -O 1 -a AGATGTGTATAAGAGACAG ../0-fastq/SiHa_D_S2.fastq.gz
Processing single-end reads on 2 cores ...
Finished in 52.360 s (10.665 µs/read; 5.63 M reads/minute).

=== Summary ===

Total reads processed:               4,909,655
Reads with adapters:                   634,455 (12.9%)
Reads written (passing filters):     4,909,655 (100.0%)

Total basepairs processed:   370,760,733 bp
Quality-trimmed:               5,407,016 bp (1.5%)
Total written (filtered):    364,495,144 bp (98.3%)

=== Adapter 1 ===

Sequence: AGATGTGTATAAGAGACAG; Type: regular 3'; Length: 19; Trimmed: 634455 times

Minimum overlap: 1
No. of allowed errors:
1-9 bp: 0; 10-19 bp: 1

Bases preceding removed adapters:
  A: 35.6%
  C: 27.0%
  G: 19.4%
  T: 17.8%
  none/other: 0.1%

Overview of removed sequences
length	count	expect	max.err	error counts
1	508062	1227413.8	0	508062
2	64953	306853.4	0	64953
3	43084	76713.4	0	43084
4	6168	19178.3	0	6168
5	9087	4794.6	0	9087
6	1870	1198.6	0	1870
7	660	299.7	0	660
8	124	74.9	0	124
9	171	18.7	0	7 164
10	178	4.7	1	3 175
11	81	1.2	1	0 81
12	17	0.3	1	0 17

RUN STATISTICS FOR INPUT FILE: ../0-fastq/SiHa_D_S2.fastq.gz
=============================================
4909655 sequences processed in total
Sequences removed because they became shorter than the length cutoff of 20 bp:	34872 (0.7%)

