                                 Started job on |	Mar 25 13:11:17
                             Started mapping on |	Mar 25 13:11:28
                                    Finished on |	Mar 25 13:13:28
       Mapping speed, Million of reads per hour |	2506.39

                          Number of input reads |	83546411
                      Average input read length |	75
                                    UNIQUE READS:
                   Uniquely mapped reads number |	71626373
                        Uniquely mapped reads % |	85.73%
                          Average mapped length |	75.26
                       Number of splices: Total |	21453194
            Number of splices: Annotated (sjdb) |	21279995
                       Number of splices: GT/AG |	21250543
                       Number of splices: GC/AG |	166646
                       Number of splices: AT/AC |	19862
               Number of splices: Non-canonical |	16143
                      Mismatch rate per base, % |	0.14%
                         Deletion rate per base |	0.00%
                        Deletion average length |	1.58
                        Insertion rate per base |	0.00%
                       Insertion average length |	1.36
                             MULTI-MAPPING READS:
        Number of reads mapped to multiple loci |	11570276
             % of reads mapped to multiple loci |	13.85%
        Number of reads mapped to too many loci |	134599
             % of reads mapped to too many loci |	0.16%
                                  UNMAPPED READS:
  Number of reads unmapped: too many mismatches |	0
       % of reads unmapped: too many mismatches |	0.00%
            Number of reads unmapped: too short |	179744
                 % of reads unmapped: too short |	0.22%
                Number of reads unmapped: other |	35419
                     % of reads unmapped: other |	0.04%
                                  CHIMERIC READS:
                       Number of chimeric reads |	0
                            % of chimeric reads |	0.00%
