                                 Started job on |	Mar 25 13:11:17
                             Started mapping on |	Mar 25 13:11:28
                                    Finished on |	Mar 25 13:12:21
       Mapping speed, Million of reads per hour |	2302.82

                          Number of input reads |	33902644
                      Average input read length |	75
                                    UNIQUE READS:
                   Uniquely mapped reads number |	29250259
                        Uniquely mapped reads % |	86.28%
                          Average mapped length |	75.23
                       Number of splices: Total |	8492273
            Number of splices: Annotated (sjdb) |	8406126
                       Number of splices: GT/AG |	8410932
                       Number of splices: GC/AG |	66957
                       Number of splices: AT/AC |	8014
               Number of splices: Non-canonical |	6370
                      Mismatch rate per base, % |	0.15%
                         Deletion rate per base |	0.00%
                        Deletion average length |	1.58
                        Insertion rate per base |	0.00%
                       Insertion average length |	1.35
                             MULTI-MAPPING READS:
        Number of reads mapped to multiple loci |	4470610
             % of reads mapped to multiple loci |	13.19%
        Number of reads mapped to too many loci |	56430
             % of reads mapped to too many loci |	0.17%
                                  UNMAPPED READS:
  Number of reads unmapped: too many mismatches |	0
       % of reads unmapped: too many mismatches |	0.00%
            Number of reads unmapped: too short |	107668
                 % of reads unmapped: too short |	0.32%
                Number of reads unmapped: other |	17677
                     % of reads unmapped: other |	0.05%
                                  CHIMERIC READS:
                       Number of chimeric reads |	0
                            % of chimeric reads |	0.00%
