                                 Started job on |	Mar 25 13:11:17
                             Started mapping on |	Mar 25 13:11:28
                                    Finished on |	Mar 25 13:12:21
       Mapping speed, Million of reads per hour |	2307.39

                          Number of input reads |	33969886
                      Average input read length |	75
                                    UNIQUE READS:
                   Uniquely mapped reads number |	28948955
                        Uniquely mapped reads % |	85.22%
                          Average mapped length |	75.27
                       Number of splices: Total |	8662139
            Number of splices: Annotated (sjdb) |	8579951
                       Number of splices: GT/AG |	8578901
                       Number of splices: GC/AG |	67979
                       Number of splices: AT/AC |	8251
               Number of splices: Non-canonical |	7008
                      Mismatch rate per base, % |	0.14%
                         Deletion rate per base |	0.00%
                        Deletion average length |	1.60
                        Insertion rate per base |	0.00%
                       Insertion average length |	1.35
                             MULTI-MAPPING READS:
        Number of reads mapped to multiple loci |	4720073
             % of reads mapped to multiple loci |	13.89%
        Number of reads mapped to too many loci |	64647
             % of reads mapped to too many loci |	0.19%
                                  UNMAPPED READS:
  Number of reads unmapped: too many mismatches |	0
       % of reads unmapped: too many mismatches |	0.00%
            Number of reads unmapped: too short |	216474
                 % of reads unmapped: too short |	0.64%
                Number of reads unmapped: other |	19737
                     % of reads unmapped: other |	0.06%
                                  CHIMERIC READS:
                       Number of chimeric reads |	0
                            % of chimeric reads |	0.00%
