                                 Started job on |	Mar 25 13:12:21
                             Started mapping on |	Mar 25 13:12:36
                                    Finished on |	Mar 25 13:13:31
       Mapping speed, Million of reads per hour |	2321.71

                          Number of input reads |	35470521
                      Average input read length |	75
                                    UNIQUE READS:
                   Uniquely mapped reads number |	30558369
                        Uniquely mapped reads % |	86.15%
                          Average mapped length |	75.23
                       Number of splices: Total |	8596305
            Number of splices: Annotated (sjdb) |	8526278
                       Number of splices: GT/AG |	8510051
                       Number of splices: GC/AG |	69850
                       Number of splices: AT/AC |	8709
               Number of splices: Non-canonical |	7695
                      Mismatch rate per base, % |	0.14%
                         Deletion rate per base |	0.00%
                        Deletion average length |	1.61
                        Insertion rate per base |	0.01%
                       Insertion average length |	1.37
                             MULTI-MAPPING READS:
        Number of reads mapped to multiple loci |	4758473
             % of reads mapped to multiple loci |	13.42%
        Number of reads mapped to too many loci |	65444
             % of reads mapped to too many loci |	0.18%
                                  UNMAPPED READS:
  Number of reads unmapped: too many mismatches |	0
       % of reads unmapped: too many mismatches |	0.00%
            Number of reads unmapped: too short |	69189
                 % of reads unmapped: too short |	0.20%
                Number of reads unmapped: other |	19046
                     % of reads unmapped: other |	0.05%
                                  CHIMERIC READS:
                       Number of chimeric reads |	0
                            % of chimeric reads |	0.00%
