                                 Started job on |	Mar 25 13:12:17
                             Started mapping on |	Mar 25 13:12:33
                                    Finished on |	Mar 25 13:13:25
       Mapping speed, Million of reads per hour |	2361.61

                          Number of input reads |	34112074
                      Average input read length |	75
                                    UNIQUE READS:
                   Uniquely mapped reads number |	29353770
                        Uniquely mapped reads % |	86.05%
                          Average mapped length |	75.22
                       Number of splices: Total |	8432212
            Number of splices: Annotated (sjdb) |	8359982
                       Number of splices: GT/AG |	8347123
                       Number of splices: GC/AG |	70838
                       Number of splices: AT/AC |	8327
               Number of splices: Non-canonical |	5924
                      Mismatch rate per base, % |	0.14%
                         Deletion rate per base |	0.00%
                        Deletion average length |	1.58
                        Insertion rate per base |	0.01%
                       Insertion average length |	1.34
                             MULTI-MAPPING READS:
        Number of reads mapped to multiple loci |	4565781
             % of reads mapped to multiple loci |	13.38%
        Number of reads mapped to too many loci |	64479
             % of reads mapped to too many loci |	0.19%
                                  UNMAPPED READS:
  Number of reads unmapped: too many mismatches |	0
       % of reads unmapped: too many mismatches |	0.00%
            Number of reads unmapped: too short |	110662
                 % of reads unmapped: too short |	0.32%
                Number of reads unmapped: other |	17382
                     % of reads unmapped: other |	0.05%
                                  CHIMERIC READS:
                       Number of chimeric reads |	0
                            % of chimeric reads |	0.00%
