                                 Started job on |	Mar 25 13:13:42
                             Started mapping on |	Mar 25 13:14:06
                                    Finished on |	Mar 25 13:15:00
       Mapping speed, Million of reads per hour |	2572.11

                          Number of input reads |	38581722
                      Average input read length |	75
                                    UNIQUE READS:
                   Uniquely mapped reads number |	31866551
                        Uniquely mapped reads % |	82.59%
                          Average mapped length |	75.26
                       Number of splices: Total |	8509058
            Number of splices: Annotated (sjdb) |	8424914
                       Number of splices: GT/AG |	8426776
                       Number of splices: GC/AG |	64056
                       Number of splices: AT/AC |	9097
               Number of splices: Non-canonical |	9129
                      Mismatch rate per base, % |	0.14%
                         Deletion rate per base |	0.01%
                        Deletion average length |	1.60
                        Insertion rate per base |	0.01%
                       Insertion average length |	1.36
                             MULTI-MAPPING READS:
        Number of reads mapped to multiple loci |	6334615
             % of reads mapped to multiple loci |	16.42%
        Number of reads mapped to too many loci |	266230
             % of reads mapped to too many loci |	0.69%
                                  UNMAPPED READS:
  Number of reads unmapped: too many mismatches |	0
       % of reads unmapped: too many mismatches |	0.00%
            Number of reads unmapped: too short |	90553
                 % of reads unmapped: too short |	0.23%
                Number of reads unmapped: other |	23773
                     % of reads unmapped: other |	0.06%
                                  CHIMERIC READS:
                       Number of chimeric reads |	0
                            % of chimeric reads |	0.00%
