                                 Started job on |	Mar 25 13:12:21
                             Started mapping on |	Mar 25 13:12:36
                                    Finished on |	Mar 25 13:13:41
       Mapping speed, Million of reads per hour |	2510.40

                          Number of input reads |	45326601
                      Average input read length |	75
                                    UNIQUE READS:
                   Uniquely mapped reads number |	39159316
                        Uniquely mapped reads % |	86.39%
                          Average mapped length |	75.22
                       Number of splices: Total |	10215691
            Number of splices: Annotated (sjdb) |	10034553
                       Number of splices: GT/AG |	10113095
                       Number of splices: GC/AG |	81053
                       Number of splices: AT/AC |	8872
               Number of splices: Non-canonical |	12671
                      Mismatch rate per base, % |	0.15%
                         Deletion rate per base |	0.01%
                        Deletion average length |	1.55
                        Insertion rate per base |	0.01%
                       Insertion average length |	1.42
                             MULTI-MAPPING READS:
        Number of reads mapped to multiple loci |	5947527
             % of reads mapped to multiple loci |	13.12%
        Number of reads mapped to too many loci |	93920
             % of reads mapped to too many loci |	0.21%
                                  UNMAPPED READS:
  Number of reads unmapped: too many mismatches |	0
       % of reads unmapped: too many mismatches |	0.00%
            Number of reads unmapped: too short |	96434
                 % of reads unmapped: too short |	0.21%
                Number of reads unmapped: other |	29404
                     % of reads unmapped: other |	0.06%
                                  CHIMERIC READS:
                       Number of chimeric reads |	0
                            % of chimeric reads |	0.00%
