                                 Started job on |	Mar 25 13:13:25
                             Started mapping on |	Mar 25 13:13:40
                                    Finished on |	Mar 25 13:14:23
       Mapping speed, Million of reads per hour |	2543.26

                          Number of input reads |	30377825
                      Average input read length |	75
                                    UNIQUE READS:
                   Uniquely mapped reads number |	25923399
                        Uniquely mapped reads % |	85.34%
                          Average mapped length |	75.25
                       Number of splices: Total |	6933202
            Number of splices: Annotated (sjdb) |	6822942
                       Number of splices: GT/AG |	6863843
                       Number of splices: GC/AG |	55196
                       Number of splices: AT/AC |	6318
               Number of splices: Non-canonical |	7845
                      Mismatch rate per base, % |	0.15%
                         Deletion rate per base |	0.01%
                        Deletion average length |	1.55
                        Insertion rate per base |	0.01%
                       Insertion average length |	1.36
                             MULTI-MAPPING READS:
        Number of reads mapped to multiple loci |	4274192
             % of reads mapped to multiple loci |	14.07%
        Number of reads mapped to too many loci |	72892
             % of reads mapped to too many loci |	0.24%
                                  UNMAPPED READS:
  Number of reads unmapped: too many mismatches |	0
       % of reads unmapped: too many mismatches |	0.00%
            Number of reads unmapped: too short |	89684
                 % of reads unmapped: too short |	0.30%
                Number of reads unmapped: other |	17658
                     % of reads unmapped: other |	0.06%
                                  CHIMERIC READS:
                       Number of chimeric reads |	0
                            % of chimeric reads |	0.00%
