                                 Started job on |	Mar 25 13:13:32
                             Started mapping on |	Mar 25 13:13:47
                                    Finished on |	Mar 25 13:14:41
       Mapping speed, Million of reads per hour |	2642.21

                          Number of input reads |	39633163
                      Average input read length |	75
                                    UNIQUE READS:
                   Uniquely mapped reads number |	33977106
                        Uniquely mapped reads % |	85.73%
                          Average mapped length |	75.23
                       Number of splices: Total |	9299952
            Number of splices: Annotated (sjdb) |	9203206
                       Number of splices: GT/AG |	9210261
                       Number of splices: GC/AG |	69437
                       Number of splices: AT/AC |	9654
               Number of splices: Non-canonical |	10600
                      Mismatch rate per base, % |	0.14%
                         Deletion rate per base |	0.01%
                        Deletion average length |	1.60
                        Insertion rate per base |	0.01%
                       Insertion average length |	1.43
                             MULTI-MAPPING READS:
        Number of reads mapped to multiple loci |	5433656
             % of reads mapped to multiple loci |	13.71%
        Number of reads mapped to too many loci |	78244
             % of reads mapped to too many loci |	0.20%
                                  UNMAPPED READS:
  Number of reads unmapped: too many mismatches |	0
       % of reads unmapped: too many mismatches |	0.00%
            Number of reads unmapped: too short |	117284
                 % of reads unmapped: too short |	0.30%
                Number of reads unmapped: other |	26873
                     % of reads unmapped: other |	0.07%
                                  CHIMERIC READS:
                       Number of chimeric reads |	0
                            % of chimeric reads |	0.00%
