                                 Started job on |	Mar 25 13:14:24
                             Started mapping on |	Mar 25 13:14:41
                                    Finished on |	Mar 25 13:15:41
       Mapping speed, Million of reads per hour |	2771.75

                          Number of input reads |	46195787
                      Average input read length |	75
                                    UNIQUE READS:
                   Uniquely mapped reads number |	39698418
                        Uniquely mapped reads % |	85.94%
                          Average mapped length |	75.25
                       Number of splices: Total |	11099286
            Number of splices: Annotated (sjdb) |	10978712
                       Number of splices: GT/AG |	10992875
                       Number of splices: GC/AG |	82786
                       Number of splices: AT/AC |	11711
               Number of splices: Non-canonical |	11914
                      Mismatch rate per base, % |	0.14%
                         Deletion rate per base |	0.01%
                        Deletion average length |	1.60
                        Insertion rate per base |	0.01%
                       Insertion average length |	1.37
                             MULTI-MAPPING READS:
        Number of reads mapped to multiple loci |	6273683
             % of reads mapped to multiple loci |	13.58%
        Number of reads mapped to too many loci |	89147
             % of reads mapped to too many loci |	0.19%
                                  UNMAPPED READS:
  Number of reads unmapped: too many mismatches |	0
       % of reads unmapped: too many mismatches |	0.00%
            Number of reads unmapped: too short |	106290
                 % of reads unmapped: too short |	0.23%
                Number of reads unmapped: other |	28249
                     % of reads unmapped: other |	0.06%
                                  CHIMERIC READS:
                       Number of chimeric reads |	0
                            % of chimeric reads |	0.00%
