                                 Started job on |	Mar 25 13:16:10
                             Started mapping on |	Mar 25 13:16:33
                                    Finished on |	Mar 25 13:18:04
       Mapping speed, Million of reads per hour |	2024.99

                          Number of input reads |	51187270
                      Average input read length |	73
                                    UNIQUE READS:
                   Uniquely mapped reads number |	43513350
                        Uniquely mapped reads % |	85.01%
                          Average mapped length |	72.33
                       Number of splices: Total |	9858264
            Number of splices: Annotated (sjdb) |	9777228
                       Number of splices: GT/AG |	9757188
                       Number of splices: GC/AG |	77740
                       Number of splices: AT/AC |	11222
               Number of splices: Non-canonical |	12114
                      Mismatch rate per base, % |	0.28%
                         Deletion rate per base |	0.01%
                        Deletion average length |	1.49
                        Insertion rate per base |	0.00%
                       Insertion average length |	1.37
                             MULTI-MAPPING READS:
        Number of reads mapped to multiple loci |	7210101
             % of reads mapped to multiple loci |	14.09%
        Number of reads mapped to too many loci |	195290
             % of reads mapped to too many loci |	0.38%
                                  UNMAPPED READS:
  Number of reads unmapped: too many mismatches |	0
       % of reads unmapped: too many mismatches |	0.00%
            Number of reads unmapped: too short |	247288
                 % of reads unmapped: too short |	0.48%
                Number of reads unmapped: other |	21241
                     % of reads unmapped: other |	0.04%
                                  CHIMERIC READS:
                       Number of chimeric reads |	0
                            % of chimeric reads |	0.00%
