                                 Started job on |	Mar 25 13:15:41
                             Started mapping on |	Mar 25 13:16:01
                                    Finished on |	Mar 25 13:17:23
       Mapping speed, Million of reads per hour |	2708.40

                          Number of input reads |	61691359
                      Average input read length |	73
                                    UNIQUE READS:
                   Uniquely mapped reads number |	52941002
                        Uniquely mapped reads % |	85.82%
                          Average mapped length |	73.39
                       Number of splices: Total |	12755901
            Number of splices: Annotated (sjdb) |	12649669
                       Number of splices: GT/AG |	12625831
                       Number of splices: GC/AG |	106340
                       Number of splices: AT/AC |	13368
               Number of splices: Non-canonical |	10362
                      Mismatch rate per base, % |	0.20%
                         Deletion rate per base |	0.01%
                        Deletion average length |	1.40
                        Insertion rate per base |	0.01%
                       Insertion average length |	1.27
                             MULTI-MAPPING READS:
        Number of reads mapped to multiple loci |	8373068
             % of reads mapped to multiple loci |	13.57%
        Number of reads mapped to too many loci |	157285
             % of reads mapped to too many loci |	0.25%
                                  UNMAPPED READS:
  Number of reads unmapped: too many mismatches |	0
       % of reads unmapped: too many mismatches |	0.00%
            Number of reads unmapped: too short |	160289
                 % of reads unmapped: too short |	0.26%
                Number of reads unmapped: other |	59715
                     % of reads unmapped: other |	0.10%
                                  CHIMERIC READS:
                       Number of chimeric reads |	0
                            % of chimeric reads |	0.00%
