                                 Started job on |	Mar 25 13:17:00
                             Started mapping on |	Mar 25 13:17:21
                                    Finished on |	Mar 25 13:18:27
       Mapping speed, Million of reads per hour |	2059.17

                          Number of input reads |	37751492
                      Average input read length |	73
                                    UNIQUE READS:
                   Uniquely mapped reads number |	32087632
                        Uniquely mapped reads % |	85.00%
                          Average mapped length |	72.31
                       Number of splices: Total |	7492407
            Number of splices: Annotated (sjdb) |	7429060
                       Number of splices: GT/AG |	7416139
                       Number of splices: GC/AG |	59166
                       Number of splices: AT/AC |	8533
               Number of splices: Non-canonical |	8569
                      Mismatch rate per base, % |	0.28%
                         Deletion rate per base |	0.01%
                        Deletion average length |	1.47
                        Insertion rate per base |	0.00%
                       Insertion average length |	1.37
                             MULTI-MAPPING READS:
        Number of reads mapped to multiple loci |	5281379
             % of reads mapped to multiple loci |	13.99%
        Number of reads mapped to too many loci |	137574
             % of reads mapped to too many loci |	0.36%
                                  UNMAPPED READS:
  Number of reads unmapped: too many mismatches |	0
       % of reads unmapped: too many mismatches |	0.00%
            Number of reads unmapped: too short |	231064
                 % of reads unmapped: too short |	0.61%
                Number of reads unmapped: other |	13843
                     % of reads unmapped: other |	0.04%
                                  CHIMERIC READS:
                       Number of chimeric reads |	0
                            % of chimeric reads |	0.00%
