                                 Started job on |	Mar 25 13:14:41
                             Started mapping on |	Mar 25 13:14:58
                                    Finished on |	Mar 25 13:16:10
       Mapping speed, Million of reads per hour |	2564.75

                          Number of input reads |	51294999
                      Average input read length |	73
                                    UNIQUE READS:
                   Uniquely mapped reads number |	44167153
                        Uniquely mapped reads % |	86.10%
                          Average mapped length |	73.39
                       Number of splices: Total |	10597104
            Number of splices: Annotated (sjdb) |	10510187
                       Number of splices: GT/AG |	10489350
                       Number of splices: GC/AG |	87861
                       Number of splices: AT/AC |	11115
               Number of splices: Non-canonical |	8778
                      Mismatch rate per base, % |	0.19%
                         Deletion rate per base |	0.01%
                        Deletion average length |	1.42
                        Insertion rate per base |	0.01%
                       Insertion average length |	1.28
                             MULTI-MAPPING READS:
        Number of reads mapped to multiple loci |	6812876
             % of reads mapped to multiple loci |	13.28%
        Number of reads mapped to too many loci |	133627
             % of reads mapped to too many loci |	0.26%
                                  UNMAPPED READS:
  Number of reads unmapped: too many mismatches |	0
       % of reads unmapped: too many mismatches |	0.00%
            Number of reads unmapped: too short |	127260
                 % of reads unmapped: too short |	0.25%
                Number of reads unmapped: other |	54083
                     % of reads unmapped: other |	0.11%
                                  CHIMERIC READS:
                       Number of chimeric reads |	0
                            % of chimeric reads |	0.00%
