                                 Started job on |	Mar 25 13:15:00
                             Started mapping on |	Mar 25 13:15:26
                                    Finished on |	Mar 25 13:16:51
       Mapping speed, Million of reads per hour |	2456.25

                          Number of input reads |	57994861
                      Average input read length |	73
                                    UNIQUE READS:
                   Uniquely mapped reads number |	49642580
                        Uniquely mapped reads % |	85.60%
                          Average mapped length |	73.39
                       Number of splices: Total |	12302523
            Number of splices: Annotated (sjdb) |	12201295
                       Number of splices: GT/AG |	12179320
                       Number of splices: GC/AG |	100678
                       Number of splices: AT/AC |	12898
               Number of splices: Non-canonical |	9627
                      Mismatch rate per base, % |	0.19%
                         Deletion rate per base |	0.01%
                        Deletion average length |	1.43
                        Insertion rate per base |	0.01%
                       Insertion average length |	1.28
                             MULTI-MAPPING READS:
        Number of reads mapped to multiple loci |	8025504
             % of reads mapped to multiple loci |	13.84%
        Number of reads mapped to too many loci |	143806
             % of reads mapped to too many loci |	0.25%
                                  UNMAPPED READS:
  Number of reads unmapped: too many mismatches |	0
       % of reads unmapped: too many mismatches |	0.00%
            Number of reads unmapped: too short |	130375
                 % of reads unmapped: too short |	0.22%
                Number of reads unmapped: other |	52596
                     % of reads unmapped: other |	0.09%
                                  CHIMERIC READS:
                       Number of chimeric reads |	0
                            % of chimeric reads |	0.00%
