                                 Started job on |	Mar 25 13:15:55
                             Started mapping on |	Mar 25 13:16:12
                                    Finished on |	Mar 25 13:16:59
       Mapping speed, Million of reads per hour |	2006.02

                          Number of input reads |	26189750
                      Average input read length |	73
                                    UNIQUE READS:
                   Uniquely mapped reads number |	22107232
                        Uniquely mapped reads % |	84.41%
                          Average mapped length |	72.33
                       Number of splices: Total |	4969837
            Number of splices: Annotated (sjdb) |	4922487
                       Number of splices: GT/AG |	4918119
                       Number of splices: GC/AG |	39721
                       Number of splices: AT/AC |	5760
               Number of splices: Non-canonical |	6237
                      Mismatch rate per base, % |	0.29%
                         Deletion rate per base |	0.01%
                        Deletion average length |	1.48
                        Insertion rate per base |	0.00%
                       Insertion average length |	1.37
                             MULTI-MAPPING READS:
        Number of reads mapped to multiple loci |	3840530
             % of reads mapped to multiple loci |	14.66%
        Number of reads mapped to too many loci |	117296
             % of reads mapped to too many loci |	0.45%
                                  UNMAPPED READS:
  Number of reads unmapped: too many mismatches |	0
       % of reads unmapped: too many mismatches |	0.00%
            Number of reads unmapped: too short |	113460
                 % of reads unmapped: too short |	0.43%
                Number of reads unmapped: other |	11232
                     % of reads unmapped: other |	0.04%
                                  CHIMERIC READS:
                       Number of chimeric reads |	0
                            % of chimeric reads |	0.00%
