                                 Started job on |	Mar 25 13:18:49
                             Started mapping on |	Mar 25 13:19:05
                                    Finished on |	Mar 25 13:19:35
       Mapping speed, Million of reads per hour |	2711.62

                          Number of input reads |	22596862
                      Average input read length |	74
                                    UNIQUE READS:
                   Uniquely mapped reads number |	19130655
                        Uniquely mapped reads % |	84.66%
                          Average mapped length |	74.75
                       Number of splices: Total |	4033711
            Number of splices: Annotated (sjdb) |	3998077
                       Number of splices: GT/AG |	3992984
                       Number of splices: GC/AG |	31861
                       Number of splices: AT/AC |	3876
               Number of splices: Non-canonical |	4990
                      Mismatch rate per base, % |	0.16%
                         Deletion rate per base |	0.01%
                        Deletion average length |	1.47
                        Insertion rate per base |	0.01%
                       Insertion average length |	1.31
                             MULTI-MAPPING READS:
        Number of reads mapped to multiple loci |	3272484
             % of reads mapped to multiple loci |	14.48%
        Number of reads mapped to too many loci |	74535
             % of reads mapped to too many loci |	0.33%
                                  UNMAPPED READS:
  Number of reads unmapped: too many mismatches |	0
       % of reads unmapped: too many mismatches |	0.00%
            Number of reads unmapped: too short |	76314
                 % of reads unmapped: too short |	0.34%
                Number of reads unmapped: other |	42874
                     % of reads unmapped: other |	0.19%
                                  CHIMERIC READS:
                       Number of chimeric reads |	0
                            % of chimeric reads |	0.00%
