                                 Started job on |	Mar 25 13:18:27
                             Started mapping on |	Mar 25 13:18:48
                                    Finished on |	Mar 25 13:19:18
       Mapping speed, Million of reads per hour |	2664.72

                          Number of input reads |	22206015
                      Average input read length |	74
                                    UNIQUE READS:
                   Uniquely mapped reads number |	18842469
                        Uniquely mapped reads % |	84.85%
                          Average mapped length |	74.76
                       Number of splices: Total |	3990040
            Number of splices: Annotated (sjdb) |	3953191
                       Number of splices: GT/AG |	3949269
                       Number of splices: GC/AG |	31764
                       Number of splices: AT/AC |	3916
               Number of splices: Non-canonical |	5091
                      Mismatch rate per base, % |	0.16%
                         Deletion rate per base |	0.01%
                        Deletion average length |	1.48
                        Insertion rate per base |	0.01%
                       Insertion average length |	1.33
                             MULTI-MAPPING READS:
        Number of reads mapped to multiple loci |	3176459
             % of reads mapped to multiple loci |	14.30%
        Number of reads mapped to too many loci |	71832
             % of reads mapped to too many loci |	0.32%
                                  UNMAPPED READS:
  Number of reads unmapped: too many mismatches |	0
       % of reads unmapped: too many mismatches |	0.00%
            Number of reads unmapped: too short |	74147
                 % of reads unmapped: too short |	0.33%
                Number of reads unmapped: other |	41108
                     % of reads unmapped: other |	0.19%
                                  CHIMERIC READS:
                       Number of chimeric reads |	0
                            % of chimeric reads |	0.00%
