                                 Started job on |	Mar 25 13:18:04
                             Started mapping on |	Mar 25 13:18:22
                                    Finished on |	Mar 25 13:18:49
       Mapping speed, Million of reads per hour |	3005.72

                          Number of input reads |	22542901
                      Average input read length |	74
                                    UNIQUE READS:
                   Uniquely mapped reads number |	19149764
                        Uniquely mapped reads % |	84.95%
                          Average mapped length |	74.76
                       Number of splices: Total |	4239429
            Number of splices: Annotated (sjdb) |	4203480
                       Number of splices: GT/AG |	4196724
                       Number of splices: GC/AG |	33269
                       Number of splices: AT/AC |	4240
               Number of splices: Non-canonical |	5196
                      Mismatch rate per base, % |	0.16%
                         Deletion rate per base |	0.01%
                        Deletion average length |	1.48
                        Insertion rate per base |	0.01%
                       Insertion average length |	1.32
                             MULTI-MAPPING READS:
        Number of reads mapped to multiple loci |	3194883
             % of reads mapped to multiple loci |	14.17%
        Number of reads mapped to too many loci |	76216
             % of reads mapped to too many loci |	0.34%
                                  UNMAPPED READS:
  Number of reads unmapped: too many mismatches |	0
       % of reads unmapped: too many mismatches |	0.00%
            Number of reads unmapped: too short |	71265
                 % of reads unmapped: too short |	0.32%
                Number of reads unmapped: other |	50773
                     % of reads unmapped: other |	0.23%
                                  CHIMERIC READS:
                       Number of chimeric reads |	0
                            % of chimeric reads |	0.00%
