                                 Started job on |	Mar 25 13:18:37
                             Started mapping on |	Mar 25 13:18:55
                                    Finished on |	Mar 25 13:19:23
       Mapping speed, Million of reads per hour |	2807.83

                          Number of input reads |	21838692
                      Average input read length |	74
                                    UNIQUE READS:
                   Uniquely mapped reads number |	18678425
                        Uniquely mapped reads % |	85.53%
                          Average mapped length |	74.76
                       Number of splices: Total |	3878359
            Number of splices: Annotated (sjdb) |	3842986
                       Number of splices: GT/AG |	3838513
                       Number of splices: GC/AG |	31159
                       Number of splices: AT/AC |	3911
               Number of splices: Non-canonical |	4776
                      Mismatch rate per base, % |	0.16%
                         Deletion rate per base |	0.01%
                        Deletion average length |	1.48
                        Insertion rate per base |	0.01%
                       Insertion average length |	1.30
                             MULTI-MAPPING READS:
        Number of reads mapped to multiple loci |	2977731
             % of reads mapped to multiple loci |	13.64%
        Number of reads mapped to too many loci |	69235
             % of reads mapped to too many loci |	0.32%
                                  UNMAPPED READS:
  Number of reads unmapped: too many mismatches |	0
       % of reads unmapped: too many mismatches |	0.00%
            Number of reads unmapped: too short |	69679
                 % of reads unmapped: too short |	0.32%
                Number of reads unmapped: other |	43622
                     % of reads unmapped: other |	0.20%
                                  CHIMERIC READS:
                       Number of chimeric reads |	0
                            % of chimeric reads |	0.00%
