                                 Started job on |	Mar 25 13:18:16
                             Started mapping on |	Mar 25 13:18:34
                                    Finished on |	Mar 25 13:19:00
       Mapping speed, Million of reads per hour |	2758.90

                          Number of input reads |	19925408
                      Average input read length |	74
                                    UNIQUE READS:
                   Uniquely mapped reads number |	16875076
                        Uniquely mapped reads % |	84.69%
                          Average mapped length |	74.69
                       Number of splices: Total |	3706705
            Number of splices: Annotated (sjdb) |	3674841
                       Number of splices: GT/AG |	3669365
                       Number of splices: GC/AG |	29271
                       Number of splices: AT/AC |	3623
               Number of splices: Non-canonical |	4446
                      Mismatch rate per base, % |	0.17%
                         Deletion rate per base |	0.01%
                        Deletion average length |	1.47
                        Insertion rate per base |	0.01%
                       Insertion average length |	1.32
                             MULTI-MAPPING READS:
        Number of reads mapped to multiple loci |	2869015
             % of reads mapped to multiple loci |	14.40%
        Number of reads mapped to too many loci |	67846
             % of reads mapped to too many loci |	0.34%
                                  UNMAPPED READS:
  Number of reads unmapped: too many mismatches |	0
       % of reads unmapped: too many mismatches |	0.00%
            Number of reads unmapped: too short |	67595
                 % of reads unmapped: too short |	0.34%
                Number of reads unmapped: other |	45876
                     % of reads unmapped: other |	0.23%
                                  CHIMERIC READS:
                       Number of chimeric reads |	0
                            % of chimeric reads |	0.00%
