                                 Started job on |	Mar 25 13:19:35
                             Started mapping on |	Mar 25 13:19:54
                                    Finished on |	Mar 25 13:20:23
       Mapping speed, Million of reads per hour |	2578.20

                          Number of input reads |	20768832
                      Average input read length |	74
                                    UNIQUE READS:
                   Uniquely mapped reads number |	17395607
                        Uniquely mapped reads % |	83.76%
                          Average mapped length |	74.78
                       Number of splices: Total |	3538015
            Number of splices: Annotated (sjdb) |	3501381
                       Number of splices: GT/AG |	3500394
                       Number of splices: GC/AG |	29462
                       Number of splices: AT/AC |	3275
               Number of splices: Non-canonical |	4884
                      Mismatch rate per base, % |	0.16%
                         Deletion rate per base |	0.02%
                        Deletion average length |	1.83
                        Insertion rate per base |	0.01%
                       Insertion average length |	1.33
                             MULTI-MAPPING READS:
        Number of reads mapped to multiple loci |	2987958
             % of reads mapped to multiple loci |	14.39%
        Number of reads mapped to too many loci |	94177
             % of reads mapped to too many loci |	0.45%
                                  UNMAPPED READS:
  Number of reads unmapped: too many mismatches |	0
       % of reads unmapped: too many mismatches |	0.00%
            Number of reads unmapped: too short |	254062
                 % of reads unmapped: too short |	1.22%
                Number of reads unmapped: other |	37028
                     % of reads unmapped: other |	0.18%
                                  CHIMERIC READS:
                       Number of chimeric reads |	0
                            % of chimeric reads |	0.00%
