                                 Started job on |	Mar 25 13:19:51
                             Started mapping on |	Mar 25 13:20:10
                                    Finished on |	Mar 25 13:20:33
       Mapping speed, Million of reads per hour |	2845.27

                          Number of input reads |	18178136
                      Average input read length |	74
                                    UNIQUE READS:
                   Uniquely mapped reads number |	15268565
                        Uniquely mapped reads % |	83.99%
                          Average mapped length |	74.73
                       Number of splices: Total |	3148357
            Number of splices: Annotated (sjdb) |	3117034
                       Number of splices: GT/AG |	3114434
                       Number of splices: GC/AG |	26590
                       Number of splices: AT/AC |	3107
               Number of splices: Non-canonical |	4226
                      Mismatch rate per base, % |	0.17%
                         Deletion rate per base |	0.02%
                        Deletion average length |	1.83
                        Insertion rate per base |	0.01%
                       Insertion average length |	1.33
                             MULTI-MAPPING READS:
        Number of reads mapped to multiple loci |	2566964
             % of reads mapped to multiple loci |	14.12%
        Number of reads mapped to too many loci |	79072
             % of reads mapped to too many loci |	0.43%
                                  UNMAPPED READS:
  Number of reads unmapped: too many mismatches |	0
       % of reads unmapped: too many mismatches |	0.00%
            Number of reads unmapped: too short |	230780
                 % of reads unmapped: too short |	1.27%
                Number of reads unmapped: other |	32755
                     % of reads unmapped: other |	0.18%
                                  CHIMERIC READS:
                       Number of chimeric reads |	0
                            % of chimeric reads |	0.00%
