                                 Started job on |	Mar 25 13:19:24
                             Started mapping on |	Mar 25 13:19:41
                                    Finished on |	Mar 25 13:20:10
       Mapping speed, Million of reads per hour |	2494.25

                          Number of input reads |	20092585
                      Average input read length |	74
                                    UNIQUE READS:
                   Uniquely mapped reads number |	16644435
                        Uniquely mapped reads % |	82.84%
                          Average mapped length |	74.77
                       Number of splices: Total |	3674741
            Number of splices: Annotated (sjdb) |	3642453
                       Number of splices: GT/AG |	3637014
                       Number of splices: GC/AG |	29293
                       Number of splices: AT/AC |	3651
               Number of splices: Non-canonical |	4783
                      Mismatch rate per base, % |	0.16%
                         Deletion rate per base |	0.02%
                        Deletion average length |	1.84
                        Insertion rate per base |	0.01%
                       Insertion average length |	1.29
                             MULTI-MAPPING READS:
        Number of reads mapped to multiple loci |	2978607
             % of reads mapped to multiple loci |	14.82%
        Number of reads mapped to too many loci |	83983
             % of reads mapped to too many loci |	0.42%
                                  UNMAPPED READS:
  Number of reads unmapped: too many mismatches |	0
       % of reads unmapped: too many mismatches |	0.00%
            Number of reads unmapped: too short |	356225
                 % of reads unmapped: too short |	1.77%
                Number of reads unmapped: other |	29335
                     % of reads unmapped: other |	0.15%
                                  CHIMERIC READS:
                       Number of chimeric reads |	0
                            % of chimeric reads |	0.00%
