                                 Started job on |	Mar 25 13:19:18
                             Started mapping on |	Mar 25 13:19:35
                                    Finished on |	Mar 25 13:20:05
       Mapping speed, Million of reads per hour |	2524.97

                          Number of input reads |	21041385
                      Average input read length |	74
                                    UNIQUE READS:
                   Uniquely mapped reads number |	17392911
                        Uniquely mapped reads % |	82.66%
                          Average mapped length |	74.76
                       Number of splices: Total |	3400265
            Number of splices: Annotated (sjdb) |	3366845
                       Number of splices: GT/AG |	3363819
                       Number of splices: GC/AG |	27891
                       Number of splices: AT/AC |	3308
               Number of splices: Non-canonical |	5247
                      Mismatch rate per base, % |	0.16%
                         Deletion rate per base |	0.02%
                        Deletion average length |	1.87
                        Insertion rate per base |	0.01%
                       Insertion average length |	1.32
                             MULTI-MAPPING READS:
        Number of reads mapped to multiple loci |	3199088
             % of reads mapped to multiple loci |	15.20%
        Number of reads mapped to too many loci |	110649
             % of reads mapped to too many loci |	0.53%
                                  UNMAPPED READS:
  Number of reads unmapped: too many mismatches |	0
       % of reads unmapped: too many mismatches |	0.00%
            Number of reads unmapped: too short |	298972
                 % of reads unmapped: too short |	1.42%
                Number of reads unmapped: other |	39765
                     % of reads unmapped: other |	0.19%
                                  CHIMERIC READS:
                       Number of chimeric reads |	0
                            % of chimeric reads |	0.00%
