                                 Started job on |	Mar 25 13:20:33
                             Started mapping on |	Mar 25 13:20:53
                                    Finished on |	Mar 25 13:21:22
       Mapping speed, Million of reads per hour |	2795.07

                          Number of input reads |	22515852
                      Average input read length |	74
                                    UNIQUE READS:
                   Uniquely mapped reads number |	19257885
                        Uniquely mapped reads % |	85.53%
                          Average mapped length |	74.75
                       Number of splices: Total |	4488280
            Number of splices: Annotated (sjdb) |	4454998
                       Number of splices: GT/AG |	4439376
                       Number of splices: GC/AG |	39355
                       Number of splices: AT/AC |	4422
               Number of splices: Non-canonical |	5127
                      Mismatch rate per base, % |	0.16%
                         Deletion rate per base |	0.01%
                        Deletion average length |	1.47
                        Insertion rate per base |	0.01%
                       Insertion average length |	1.27
                             MULTI-MAPPING READS:
        Number of reads mapped to multiple loci |	3053762
             % of reads mapped to multiple loci |	13.56%
        Number of reads mapped to too many loci |	78199
             % of reads mapped to too many loci |	0.35%
                                  UNMAPPED READS:
  Number of reads unmapped: too many mismatches |	0
       % of reads unmapped: too many mismatches |	0.00%
            Number of reads unmapped: too short |	84921
                 % of reads unmapped: too short |	0.38%
                Number of reads unmapped: other |	41085
                     % of reads unmapped: other |	0.18%
                                  CHIMERIC READS:
                       Number of chimeric reads |	0
                            % of chimeric reads |	0.00%
