                                 Started job on |	Mar 25 13:20:23
                             Started mapping on |	Mar 25 13:20:42
                                    Finished on |	Mar 25 13:21:08
       Mapping speed, Million of reads per hour |	2706.40

                          Number of input reads |	19546211
                      Average input read length |	74
                                    UNIQUE READS:
                   Uniquely mapped reads number |	16871268
                        Uniquely mapped reads % |	86.31%
                          Average mapped length |	74.76
                       Number of splices: Total |	3870944
            Number of splices: Annotated (sjdb) |	3838895
                       Number of splices: GT/AG |	3829031
                       Number of splices: GC/AG |	33613
                       Number of splices: AT/AC |	3838
               Number of splices: Non-canonical |	4462
                      Mismatch rate per base, % |	0.16%
                         Deletion rate per base |	0.01%
                        Deletion average length |	1.46
                        Insertion rate per base |	0.01%
                       Insertion average length |	1.29
                             MULTI-MAPPING READS:
        Number of reads mapped to multiple loci |	2516403
             % of reads mapped to multiple loci |	12.87%
        Number of reads mapped to too many loci |	63770
             % of reads mapped to too many loci |	0.33%
                                  UNMAPPED READS:
  Number of reads unmapped: too many mismatches |	0
       % of reads unmapped: too many mismatches |	0.00%
            Number of reads unmapped: too short |	61072
                 % of reads unmapped: too short |	0.31%
                Number of reads unmapped: other |	33698
                     % of reads unmapped: other |	0.17%
                                  CHIMERIC READS:
                       Number of chimeric reads |	0
                            % of chimeric reads |	0.00%
