                                 Started job on |	Mar 25 13:20:10
                             Started mapping on |	Mar 25 13:20:27
                                    Finished on |	Mar 25 13:20:55
       Mapping speed, Million of reads per hour |	2718.97

                          Number of input reads |	21147526
                      Average input read length |	74
                                    UNIQUE READS:
                   Uniquely mapped reads number |	18019345
                        Uniquely mapped reads % |	85.21%
                          Average mapped length |	74.73
                       Number of splices: Total |	3746562
            Number of splices: Annotated (sjdb) |	3714918
                       Number of splices: GT/AG |	3705397
                       Number of splices: GC/AG |	32712
                       Number of splices: AT/AC |	3711
               Number of splices: Non-canonical |	4742
                      Mismatch rate per base, % |	0.16%
                         Deletion rate per base |	0.01%
                        Deletion average length |	1.46
                        Insertion rate per base |	0.01%
                       Insertion average length |	1.29
                             MULTI-MAPPING READS:
        Number of reads mapped to multiple loci |	2906012
             % of reads mapped to multiple loci |	13.74%
        Number of reads mapped to too many loci |	100298
             % of reads mapped to too many loci |	0.47%
                                  UNMAPPED READS:
  Number of reads unmapped: too many mismatches |	0
       % of reads unmapped: too many mismatches |	0.00%
            Number of reads unmapped: too short |	75965
                 % of reads unmapped: too short |	0.36%
                Number of reads unmapped: other |	45906
                     % of reads unmapped: other |	0.22%
                                  CHIMERIC READS:
                       Number of chimeric reads |	0
                            % of chimeric reads |	0.00%
