                                 Started job on |	Mar 25 13:20:55
                             Started mapping on |	Mar 25 13:21:12
                                    Finished on |	Mar 25 13:21:40
       Mapping speed, Million of reads per hour |	2813.07

                          Number of input reads |	21879419
                      Average input read length |	74
                                    UNIQUE READS:
                   Uniquely mapped reads number |	19076137
                        Uniquely mapped reads % |	87.19%
                          Average mapped length |	74.74
                       Number of splices: Total |	4438156
            Number of splices: Annotated (sjdb) |	4404001
                       Number of splices: GT/AG |	4391513
                       Number of splices: GC/AG |	36963
                       Number of splices: AT/AC |	4558
               Number of splices: Non-canonical |	5122
                      Mismatch rate per base, % |	0.16%
                         Deletion rate per base |	0.01%
                        Deletion average length |	1.45
                        Insertion rate per base |	0.01%
                       Insertion average length |	1.30
                             MULTI-MAPPING READS:
        Number of reads mapped to multiple loci |	2653170
             % of reads mapped to multiple loci |	12.13%
        Number of reads mapped to too many loci |	57311
             % of reads mapped to too many loci |	0.26%
                                  UNMAPPED READS:
  Number of reads unmapped: too many mismatches |	0
       % of reads unmapped: too many mismatches |	0.00%
            Number of reads unmapped: too short |	59152
                 % of reads unmapped: too short |	0.27%
                Number of reads unmapped: other |	33649
                     % of reads unmapped: other |	0.15%
                                  CHIMERIC READS:
                       Number of chimeric reads |	0
                            % of chimeric reads |	0.00%
