                                 Started job on |	Mar 25 13:20:51
                             Started mapping on |	Mar 25 13:21:07
                                    Finished on |	Mar 25 13:21:33
       Mapping speed, Million of reads per hour |	2749.46

                          Number of input reads |	19857195
                      Average input read length |	74
                                    UNIQUE READS:
                   Uniquely mapped reads number |	17265497
                        Uniquely mapped reads % |	86.95%
                          Average mapped length |	74.73
                       Number of splices: Total |	3975650
            Number of splices: Annotated (sjdb) |	3943182
                       Number of splices: GT/AG |	3933401
                       Number of splices: GC/AG |	33368
                       Number of splices: AT/AC |	4020
               Number of splices: Non-canonical |	4861
                      Mismatch rate per base, % |	0.16%
                         Deletion rate per base |	0.01%
                        Deletion average length |	1.46
                        Insertion rate per base |	0.01%
                       Insertion average length |	1.28
                             MULTI-MAPPING READS:
        Number of reads mapped to multiple loci |	2443393
             % of reads mapped to multiple loci |	12.30%
        Number of reads mapped to too many loci |	54021
             % of reads mapped to too many loci |	0.27%
                                  UNMAPPED READS:
  Number of reads unmapped: too many mismatches |	0
       % of reads unmapped: too many mismatches |	0.00%
            Number of reads unmapped: too short |	61396
                 % of reads unmapped: too short |	0.31%
                Number of reads unmapped: other |	32888
                     % of reads unmapped: other |	0.17%
                                  CHIMERIC READS:
                       Number of chimeric reads |	0
                            % of chimeric reads |	0.00%
