                                 Started job on |	Mar 25 16:36:57
                             Started mapping on |	Mar 25 16:37:20
                                    Finished on |	Mar 25 16:40:14
       Mapping speed, Million of reads per hour |	2095.28

                          Number of input reads |	101271972
                      Average input read length |	123
                                    UNIQUE READS:
                   Uniquely mapped reads number |	80689705
                        Uniquely mapped reads % |	79.68%
                          Average mapped length |	123.34
                       Number of splices: Total |	36490087
            Number of splices: Annotated (sjdb) |	36270842
                       Number of splices: GT/AG |	36141752
                       Number of splices: GC/AG |	281360
                       Number of splices: AT/AC |	31462
               Number of splices: Non-canonical |	35513
                      Mismatch rate per base, % |	0.14%
                         Deletion rate per base |	0.00%
                        Deletion average length |	1.58
                        Insertion rate per base |	0.00%
                       Insertion average length |	1.39
                             MULTI-MAPPING READS:
        Number of reads mapped to multiple loci |	9276155
             % of reads mapped to multiple loci |	9.16%
        Number of reads mapped to too many loci |	83142
             % of reads mapped to too many loci |	0.08%
                                  UNMAPPED READS:
  Number of reads unmapped: too many mismatches |	0
       % of reads unmapped: too many mismatches |	0.00%
            Number of reads unmapped: too short |	11171339
                 % of reads unmapped: too short |	11.03%
                Number of reads unmapped: other |	51631
                     % of reads unmapped: other |	0.05%
                                  CHIMERIC READS:
                       Number of chimeric reads |	0
                            % of chimeric reads |	0.00%
